This is pdfTeX, Version 3.141592653-2.6-1.40.24 (MiKTeX 21.12.10) (preloaded format=pdflatex 2022.1.20)  18 MAY 2022 01:00
entering extended mode
 restricted \write18 enabled.
 %&-line parsing enabled.
**./sprawozdanie.tex
(sprawozdanie.tex
LaTeX2e <2021-11-15> patch level 1
L3 programming layer <2021-11-22>
(C:\Users\Maciej Kaszkowiak\AppData\Local\Programs\MiKTeX\tex/latex/base\articl
e.cls
Document Class: article 2021/10/04 v1.4n Standard LaTeX document class

(C:\Users\Maciej Kaszkowiak\AppData\Local\Programs\MiKTeX\tex/latex/base\size10
.clo
File: size10.clo 2021/10/04 v1.4n Standard LaTeX file (size option)
)
\c@part=\count183
\c@section=\count184
\c@subsection=\count185
\c@subsubsection=\count186
\c@paragraph=\count187
\c@subparagraph=\count188
\c@figure=\count189
\c@table=\count190
\abovecaptionskip=\skip47
\belowcaptionskip=\skip48
\bibindent=\dimen138
)
(C:\Users\Maciej Kaszkowiak\AppData\Local\Programs\MiKTeX\tex/latex/xcolor\xcol
or.sty
Package: xcolor 2021/10/31 v2.13 LaTeX color extensions (UK)

(C:\Users\Maciej Kaszkowiak\AppData\Local\Programs\MiKTeX\tex/latex/graphics-cf
g\color.cfg
File: color.cfg 2016/01/02 v1.6 sample color configuration
)
Package xcolor Info: Driver file: pdftex.def on input line 227.

(C:\Users\Maciej Kaszkowiak\AppData\Local\Programs\MiKTeX\tex/latex/graphics-de
f\pdftex.def
File: pdftex.def 2020/10/05 v1.2a Graphics/color driver for pdftex
)
(C:\Users\Maciej Kaszkowiak\AppData\Local\Programs\MiKTeX\tex/latex/colortbl\co
lortbl.sty
Package: colortbl 2020/01/04 v1.0e Color table columns (DPC)

(C:\Users\Maciej Kaszkowiak\AppData\Local\Programs\MiKTeX\tex/latex/tools\array
.sty
Package: array 2021/10/04 v2.5f Tabular extension package (FMi)
\col@sep=\dimen139
\ar@mcellbox=\box50
\extrarowheight=\dimen140
\NC@list=\toks16
\extratabsurround=\skip49
\backup@length=\skip50
\ar@cellbox=\box51
)
\everycr=\toks17
\minrowclearance=\skip51
)
\rownum=\count191
Package xcolor Info: Model `cmy' substituted by `cmy0' on input line 1352.
Package xcolor Info: Model `hsb' substituted by `rgb' on input line 1356.
Package xcolor Info: Model `RGB' extended on input line 1368.
Package xcolor Info: Model `HTML' substituted by `rgb' on input line 1370.
Package xcolor Info: Model `Hsb' substituted by `hsb' on input line 1371.
Package xcolor Info: Model `tHsb' substituted by `hsb' on input line 1372.
Package xcolor Info: Model `HSB' substituted by `hsb' on input line 1373.
Package xcolor Info: Model `Gray' substituted by `gray' on input line 1374.
Package xcolor Info: Model `wave' substituted by `hsb' on input line 1375.
)
(C:\Users\Maciej Kaszkowiak\AppData\Local\Programs\MiKTeX\tex/latex/float\float
.sty
Package: float 2001/11/08 v1.3d Float enhancements (AL)
\c@float@type=\count192
\float@exts=\toks18
\float@box=\box52
\@float@everytoks=\toks19
\@floatcapt=\box53
)
(C:\Users\Maciej Kaszkowiak\AppData\Local\Programs\MiKTeX\tex/latex/base\fonten
c.sty
Package: fontenc 2021/04/29 v2.0v Standard LaTeX package
)
(C:\Users\Maciej Kaszkowiak\AppData\Local\Programs\MiKTeX\tex/latex/base\inpute
nc.sty
Package: inputenc 2021/02/14 v1.3d Input encoding file
\inpenc@prehook=\toks20
\inpenc@posthook=\toks21
)
(C:\Users\Maciej Kaszkowiak\AppData\Local\Programs\MiKTeX\tex/latex/cite\cite.s
ty
LaTeX Info: Redefining \cite on input line 302.
LaTeX Info: Redefining \nocite on input line 332.
Package: cite 2015/02/27  v 5.5
)
(C:\Users\Maciej Kaszkowiak\AppData\Local\Programs\MiKTeX\tex/generic/babel\bab
el.sty
Package: babel 2021/12/30 3.69 The Babel package
\babel@savecnt=\count193
\U@D=\dimen141
\l@unhyphenated=\language79

(C:\Users\Maciej Kaszkowiak\AppData\Local\Programs\MiKTeX\tex/generic/babel\txt
babel.def)
\bbl@readstream=\read2
\bbl@dirlevel=\count194

*************************************
* Local config file bblopts.cfg used
*

(C:\Users\Maciej Kaszkowiak\AppData\Local\Programs\MiKTeX\tex/latex/arabi\bblop
ts.cfg
File: bblopts.cfg 2005/09/08 v0.1 add Arabic and Farsi to "declared" options of
 babel
)
(C:\Users\Maciej Kaszkowiak\AppData\Local\Programs\MiKTeX\tex/latex/babel-polis
h\polish.ldf
Language: polish 2005/03/31 v1.2l Polish support from the babel system
Package babel Info: Making " an active character on input line 83.
\pl@left=\dimen142
\pl@down=\dimen143
\pl@right=\dimen144
\pl@temp=\dimen145
))
(C:\Users\Maciej Kaszkowiak\AppData\Local\Programs\MiKTeX\tex/latex/amsmath\ams
math.sty
Package: amsmath 2021/10/15 v2.17l AMS math features
\@mathmargin=\skip52

For additional information on amsmath, use the `?' option.

(C:\Users\Maciej Kaszkowiak\AppData\Local\Programs\MiKTeX\tex/latex/amsmath\ams
text.sty
Package: amstext 2021/08/26 v2.01 AMS text

(C:\Users\Maciej Kaszkowiak\AppData\Local\Programs\MiKTeX\tex/latex/amsmath\ams
gen.sty
File: amsgen.sty 1999/11/30 v2.0 generic functions
\@emptytoks=\toks22
\ex@=\dimen146
))
(C:\Users\Maciej Kaszkowiak\AppData\Local\Programs\MiKTeX\tex/latex/amsmath\ams
bsy.sty
Package: amsbsy 1999/11/29 v1.2d Bold Symbols
\pmbraise@=\dimen147
)
(C:\Users\Maciej Kaszkowiak\AppData\Local\Programs\MiKTeX\tex/latex/amsmath\ams
opn.sty
Package: amsopn 2021/08/26 v2.02 operator names
)
\inf@bad=\count195
LaTeX Info: Redefining \frac on input line 234.
\uproot@=\count196
\leftroot@=\count197
LaTeX Info: Redefining \overline on input line 399.
\classnum@=\count198
\DOTSCASE@=\count199
LaTeX Info: Redefining \ldots on input line 496.
LaTeX Info: Redefining \dots on input line 499.
LaTeX Info: Redefining \cdots on input line 620.
\Mathstrutbox@=\box54
\strutbox@=\box55
\big@size=\dimen148
LaTeX Font Info:    Redeclaring font encoding OML on input line 743.
LaTeX Font Info:    Redeclaring font encoding OMS on input line 744.
\macc@depth=\count266
\c@MaxMatrixCols=\count267
\dotsspace@=\muskip16
\c@parentequation=\count268
\dspbrk@lvl=\count269
\tag@help=\toks23
\row@=\count270
\column@=\count271
\maxfields@=\count272
\andhelp@=\toks24
\eqnshift@=\dimen149
\alignsep@=\dimen150
\tagshift@=\dimen151
\tagwidth@=\dimen152
\totwidth@=\dimen153
\lineht@=\dimen154
\@envbody=\toks25
\multlinegap=\skip53
\multlinetaggap=\skip54
\mathdisplay@stack=\toks26
LaTeX Info: Redefining \[ on input line 2938.
LaTeX Info: Redefining \] on input line 2939.
)
(C:\Users\Maciej Kaszkowiak\AppData\Local\Programs\MiKTeX\tex/latex/graphics\gr
aphicx.sty
Package: graphicx 2021/09/16 v1.2d Enhanced LaTeX Graphics (DPC,SPQR)

(C:\Users\Maciej Kaszkowiak\AppData\Local\Programs\MiKTeX\tex/latex/graphics\ke
yval.sty
Package: keyval 2014/10/28 v1.15 key=value parser (DPC)
\KV@toks@=\toks27
)
(C:\Users\Maciej Kaszkowiak\AppData\Local\Programs\MiKTeX\tex/latex/graphics\gr
aphics.sty
Package: graphics 2021/03/04 v1.4d Standard LaTeX Graphics (DPC,SPQR)

(C:\Users\Maciej Kaszkowiak\AppData\Local\Programs\MiKTeX\tex/latex/graphics\tr
ig.sty
Package: trig 2021/08/11 v1.11 sin cos tan (DPC)
)
(C:\Users\Maciej Kaszkowiak\AppData\Local\Programs\MiKTeX\tex/latex/graphics-cf
g\graphics.cfg
File: graphics.cfg 2016/06/04 v1.11 sample graphics configuration
)
Package graphics Info: Driver file: pdftex.def on input line 107.
)
\Gin@req@height=\dimen155
\Gin@req@width=\dimen156
)
(C:\Users\Maciej Kaszkowiak\AppData\Local\Programs\MiKTeX\tex/latex/pslatex\psl
atex.sty
Package: pslatex 2021/01/13 v1.3 pslatex emulation (DPC)
LaTeX Font Info:    Redeclaring symbol font `operators' on input line 66.
LaTeX Font Info:    Overwriting symbol font `operators' in version `normal'
(Font)                  OT1/cmr/m/n --> OT1/ptmcm/m/n on input line 66.
LaTeX Font Info:    Overwriting symbol font `operators' in version `bold'
(Font)                  OT1/cmr/bx/n --> OT1/ptmcm/m/n on input line 66.
LaTeX Font Info:    Redeclaring symbol font `letters' on input line 67.
LaTeX Font Info:    Overwriting symbol font `letters' in version `normal'
(Font)                  OML/cmm/m/it --> OML/ptmcm/m/it on input line 67.
LaTeX Font Info:    Overwriting symbol font `letters' in version `bold'
(Font)                  OML/cmm/b/it --> OML/ptmcm/m/it on input line 67.
LaTeX Font Info:    Redeclaring symbol font `symbols' on input line 68.
LaTeX Font Info:    Overwriting symbol font `symbols' in version `normal'
(Font)                  OMS/cmsy/m/n --> OMS/pzccm/m/n on input line 68.
LaTeX Font Info:    Overwriting symbol font `symbols' in version `bold'
(Font)                  OMS/cmsy/b/n --> OMS/pzccm/m/n on input line 68.
LaTeX Font Info:    Redeclaring symbol font `largesymbols' on input line 69.
LaTeX Font Info:    Overwriting symbol font `largesymbols' in version `normal'
(Font)                  OMX/cmex/m/n --> OMX/psycm/m/n on input line 69.
LaTeX Font Info:    Overwriting symbol font `largesymbols' in version `bold'
(Font)                  OMX/cmex/m/n --> OMX/psycm/m/n on input line 69.
\symbold=\mathgroup4
\symitalic=\mathgroup5
LaTeX Font Info:    Redeclaring math alphabet \mathbf on input line 75.
LaTeX Font Info:    Overwriting math alphabet `\mathbf' in version `normal'
(Font)                  OT1/cmr/bx/n --> OT1/ptm/bx/n on input line 75.
LaTeX Font Info:    Overwriting math alphabet `\mathbf' in version `bold'
(Font)                  OT1/cmr/bx/n --> OT1/ptm/bx/n on input line 75.
LaTeX Font Info:    Redeclaring math alphabet \mathit on input line 76.
LaTeX Font Info:    Overwriting math alphabet `\mathit' in version `normal'
(Font)                  OT1/cmr/m/it --> OT1/ptm/m/it on input line 76.
LaTeX Font Info:    Overwriting math alphabet `\mathit' in version `bold'
(Font)                  OT1/cmr/bx/it --> OT1/ptm/m/it on input line 76.
)
(C:\Users\Maciej Kaszkowiak\AppData\Local\Programs\MiKTeX\tex/latex/wrapfig\wra
pfig.sty
\wrapoverhang=\dimen157
\WF@size=\dimen158
\c@WF@wrappedlines=\count273
\WF@box=\box56
\WF@everypar=\toks28
Package: wrapfig 2003/01/31  v 3.6
)
(C:\Users\Maciej Kaszkowiak\AppData\Local\Programs\MiKTeX\tex/latex/pgfplots\pg
fplots.sty
(C:\Users\Maciej Kaszkowiak\AppData\Local\Programs\MiKTeX\tex/generic/pgfplots\
pgfplots.revision.tex)
Package: pgfplots 2021/05/15 v1.18.1 Data Visualization (1.18.1)

(C:\Users\Maciej Kaszkowiak\AppData\Local\Programs\MiKTeX\tex/latex/pgf/fronten
dlayer\tikz.sty
(C:\Users\Maciej Kaszkowiak\AppData\Local\Programs\MiKTeX\tex/latex/pgf/basicla
yer\pgf.sty
(C:\Users\Maciej Kaszkowiak\AppData\Local\Programs\MiKTeX\tex/latex/pgf/utiliti
es\pgfrcs.sty
(C:\Users\Maciej Kaszkowiak\AppData\Local\Programs\MiKTeX\tex/generic/pgf/utili
ties\pgfutil-common.tex
\pgfutil@everybye=\toks29
\pgfutil@tempdima=\dimen159
\pgfutil@tempdimb=\dimen160

(C:\Users\Maciej Kaszkowiak\AppData\Local\Programs\MiKTeX\tex/generic/pgf/utili
ties\pgfutil-common-lists.tex))
(C:\Users\Maciej Kaszkowiak\AppData\Local\Programs\MiKTeX\tex/generic/pgf/utili
ties\pgfutil-latex.def
\pgfutil@abb=\box57
)
(C:\Users\Maciej Kaszkowiak\AppData\Local\Programs\MiKTeX\tex/generic/pgf/utili
ties\pgfrcs.code.tex
(C:\Users\Maciej Kaszkowiak\AppData\Local\Programs\MiKTeX\tex/generic/pgf\pgf.r
evision.tex)
Package: pgfrcs 2021/05/15 v3.1.9a (3.1.9a)
))
Package: pgf 2021/05/15 v3.1.9a (3.1.9a)

(C:\Users\Maciej Kaszkowiak\AppData\Local\Programs\MiKTeX\tex/latex/pgf/basicla
yer\pgfcore.sty
(C:\Users\Maciej Kaszkowiak\AppData\Local\Programs\MiKTeX\tex/latex/pgf/systeml
ayer\pgfsys.sty
(C:\Users\Maciej Kaszkowiak\AppData\Local\Programs\MiKTeX\tex/generic/pgf/syste
mlayer\pgfsys.code.tex
Package: pgfsys 2021/05/15 v3.1.9a (3.1.9a)

(C:\Users\Maciej Kaszkowiak\AppData\Local\Programs\MiKTeX\tex/generic/pgf/utili
ties\pgfkeys.code.tex
\pgfkeys@pathtoks=\toks30
\pgfkeys@temptoks=\toks31

(C:\Users\Maciej Kaszkowiak\AppData\Local\Programs\MiKTeX\tex/generic/pgf/utili
ties\pgfkeysfiltered.code.tex
\pgfkeys@tmptoks=\toks32
))
\pgf@x=\dimen161
\pgf@y=\dimen162
\pgf@xa=\dimen163
\pgf@ya=\dimen164
\pgf@xb=\dimen165
\pgf@yb=\dimen166
\pgf@xc=\dimen167
\pgf@yc=\dimen168
\pgf@xd=\dimen169
\pgf@yd=\dimen170
\w@pgf@writea=\write3
\r@pgf@reada=\read3
\c@pgf@counta=\count274
\c@pgf@countb=\count275
\c@pgf@countc=\count276
\c@pgf@countd=\count277
\t@pgf@toka=\toks33
\t@pgf@tokb=\toks34
\t@pgf@tokc=\toks35
\pgf@sys@id@count=\count278

(C:\Users\Maciej Kaszkowiak\AppData\Local\Programs\MiKTeX\tex/generic/pgf/syste
mlayer\pgf.cfg
File: pgf.cfg 2021/05/15 v3.1.9a (3.1.9a)
)
Driver file for pgf: pgfsys-pdftex.def

(C:\Users\Maciej Kaszkowiak\AppData\Local\Programs\MiKTeX\tex/generic/pgf/syste
mlayer\pgfsys-pdftex.def
File: pgfsys-pdftex.def 2021/05/15 v3.1.9a (3.1.9a)

(C:\Users\Maciej Kaszkowiak\AppData\Local\Programs\MiKTeX\tex/generic/pgf/syste
mlayer\pgfsys-common-pdf.def
File: pgfsys-common-pdf.def 2021/05/15 v3.1.9a (3.1.9a)
)))
(C:\Users\Maciej Kaszkowiak\AppData\Local\Programs\MiKTeX\tex/generic/pgf/syste
mlayer\pgfsyssoftpath.code.tex
File: pgfsyssoftpath.code.tex 2021/05/15 v3.1.9a (3.1.9a)
\pgfsyssoftpath@smallbuffer@items=\count279
\pgfsyssoftpath@bigbuffer@items=\count280
)
(C:\Users\Maciej Kaszkowiak\AppData\Local\Programs\MiKTeX\tex/generic/pgf/syste
mlayer\pgfsysprotocol.code.tex
File: pgfsysprotocol.code.tex 2021/05/15 v3.1.9a (3.1.9a)
))
(C:\Users\Maciej Kaszkowiak\AppData\Local\Programs\MiKTeX\tex/generic/pgf/basic
layer\pgfcore.code.tex
Package: pgfcore 2021/05/15 v3.1.9a (3.1.9a)

(C:\Users\Maciej Kaszkowiak\AppData\Local\Programs\MiKTeX\tex/generic/pgf/math\
pgfmath.code.tex
(C:\Users\Maciej Kaszkowiak\AppData\Local\Programs\MiKTeX\tex/generic/pgf/math\
pgfmathcalc.code.tex
(C:\Users\Maciej Kaszkowiak\AppData\Local\Programs\MiKTeX\tex/generic/pgf/math\
pgfmathutil.code.tex)
(C:\Users\Maciej Kaszkowiak\AppData\Local\Programs\MiKTeX\tex/generic/pgf/math\
pgfmathparser.code.tex
\pgfmath@dimen=\dimen171
\pgfmath@count=\count281
\pgfmath@box=\box58
\pgfmath@toks=\toks36
\pgfmath@stack@operand=\toks37
\pgfmath@stack@operation=\toks38
)
(C:\Users\Maciej Kaszkowiak\AppData\Local\Programs\MiKTeX\tex/generic/pgf/math\
pgfmathfunctions.code.tex
(C:\Users\Maciej Kaszkowiak\AppData\Local\Programs\MiKTeX\tex/generic/pgf/math\
pgfmathfunctions.basic.code.tex)
(C:\Users\Maciej Kaszkowiak\AppData\Local\Programs\MiKTeX\tex/generic/pgf/math\
pgfmathfunctions.trigonometric.code.tex)
(C:\Users\Maciej Kaszkowiak\AppData\Local\Programs\MiKTeX\tex/generic/pgf/math\
pgfmathfunctions.random.code.tex)
(C:\Users\Maciej Kaszkowiak\AppData\Local\Programs\MiKTeX\tex/generic/pgf/math\
pgfmathfunctions.comparison.code.tex)
(C:\Users\Maciej Kaszkowiak\AppData\Local\Programs\MiKTeX\tex/generic/pgf/math\
pgfmathfunctions.base.code.tex)
(C:\Users\Maciej Kaszkowiak\AppData\Local\Programs\MiKTeX\tex/generic/pgf/math\
pgfmathfunctions.round.code.tex)
(C:\Users\Maciej Kaszkowiak\AppData\Local\Programs\MiKTeX\tex/generic/pgf/math\
pgfmathfunctions.misc.code.tex)
(C:\Users\Maciej Kaszkowiak\AppData\Local\Programs\MiKTeX\tex/generic/pgf/math\
pgfmathfunctions.integerarithmetics.code.tex)))
(C:\Users\Maciej Kaszkowiak\AppData\Local\Programs\MiKTeX\tex/generic/pgf/math\
pgfmathfloat.code.tex
\c@pgfmathroundto@lastzeros=\count282
))
(C:\Users\Maciej Kaszkowiak\AppData\Local\Programs\MiKTeX\tex/generic/pgf/math\
pgfint.code.tex)
(C:\Users\Maciej Kaszkowiak\AppData\Local\Programs\MiKTeX\tex/generic/pgf/basic
layer\pgfcorepoints.code.tex
File: pgfcorepoints.code.tex 2021/05/15 v3.1.9a (3.1.9a)
\pgf@picminx=\dimen172
\pgf@picmaxx=\dimen173
\pgf@picminy=\dimen174
\pgf@picmaxy=\dimen175
\pgf@pathminx=\dimen176
\pgf@pathmaxx=\dimen177
\pgf@pathminy=\dimen178
\pgf@pathmaxy=\dimen179
\pgf@xx=\dimen180
\pgf@xy=\dimen181
\pgf@yx=\dimen182
\pgf@yy=\dimen183
\pgf@zx=\dimen184
\pgf@zy=\dimen185
)
(C:\Users\Maciej Kaszkowiak\AppData\Local\Programs\MiKTeX\tex/generic/pgf/basic
layer\pgfcorepathconstruct.code.tex
File: pgfcorepathconstruct.code.tex 2021/05/15 v3.1.9a (3.1.9a)
\pgf@path@lastx=\dimen186
\pgf@path@lasty=\dimen187
)
(C:\Users\Maciej Kaszkowiak\AppData\Local\Programs\MiKTeX\tex/generic/pgf/basic
layer\pgfcorepathusage.code.tex
File: pgfcorepathusage.code.tex 2021/05/15 v3.1.9a (3.1.9a)
\pgf@shorten@end@additional=\dimen188
\pgf@shorten@start@additional=\dimen189
)
(C:\Users\Maciej Kaszkowiak\AppData\Local\Programs\MiKTeX\tex/generic/pgf/basic
layer\pgfcorescopes.code.tex
File: pgfcorescopes.code.tex 2021/05/15 v3.1.9a (3.1.9a)
\pgfpic=\box59
\pgf@hbox=\box60
\pgf@layerbox@main=\box61
\pgf@picture@serial@count=\count283
)
(C:\Users\Maciej Kaszkowiak\AppData\Local\Programs\MiKTeX\tex/generic/pgf/basic
layer\pgfcoregraphicstate.code.tex
File: pgfcoregraphicstate.code.tex 2021/05/15 v3.1.9a (3.1.9a)
\pgflinewidth=\dimen190
)
(C:\Users\Maciej Kaszkowiak\AppData\Local\Programs\MiKTeX\tex/generic/pgf/basic
layer\pgfcoretransformations.code.tex
File: pgfcoretransformations.code.tex 2021/05/15 v3.1.9a (3.1.9a)
\pgf@pt@x=\dimen191
\pgf@pt@y=\dimen192
\pgf@pt@temp=\dimen193
)
(C:\Users\Maciej Kaszkowiak\AppData\Local\Programs\MiKTeX\tex/generic/pgf/basic
layer\pgfcorequick.code.tex
File: pgfcorequick.code.tex 2021/05/15 v3.1.9a (3.1.9a)
)
(C:\Users\Maciej Kaszkowiak\AppData\Local\Programs\MiKTeX\tex/generic/pgf/basic
layer\pgfcoreobjects.code.tex
File: pgfcoreobjects.code.tex 2021/05/15 v3.1.9a (3.1.9a)
)
(C:\Users\Maciej Kaszkowiak\AppData\Local\Programs\MiKTeX\tex/generic/pgf/basic
layer\pgfcorepathprocessing.code.tex
File: pgfcorepathprocessing.code.tex 2021/05/15 v3.1.9a (3.1.9a)
)
(C:\Users\Maciej Kaszkowiak\AppData\Local\Programs\MiKTeX\tex/generic/pgf/basic
layer\pgfcorearrows.code.tex
File: pgfcorearrows.code.tex 2021/05/15 v3.1.9a (3.1.9a)
\pgfarrowsep=\dimen194
)
(C:\Users\Maciej Kaszkowiak\AppData\Local\Programs\MiKTeX\tex/generic/pgf/basic
layer\pgfcoreshade.code.tex
File: pgfcoreshade.code.tex 2021/05/15 v3.1.9a (3.1.9a)
\pgf@max=\dimen195
\pgf@sys@shading@range@num=\count284
\pgf@shadingcount=\count285
)
(C:\Users\Maciej Kaszkowiak\AppData\Local\Programs\MiKTeX\tex/generic/pgf/basic
layer\pgfcoreimage.code.tex
File: pgfcoreimage.code.tex 2021/05/15 v3.1.9a (3.1.9a)

(C:\Users\Maciej Kaszkowiak\AppData\Local\Programs\MiKTeX\tex/generic/pgf/basic
layer\pgfcoreexternal.code.tex
File: pgfcoreexternal.code.tex 2021/05/15 v3.1.9a (3.1.9a)
\pgfexternal@startupbox=\box62
))
(C:\Users\Maciej Kaszkowiak\AppData\Local\Programs\MiKTeX\tex/generic/pgf/basic
layer\pgfcorelayers.code.tex
File: pgfcorelayers.code.tex 2021/05/15 v3.1.9a (3.1.9a)
)
(C:\Users\Maciej Kaszkowiak\AppData\Local\Programs\MiKTeX\tex/generic/pgf/basic
layer\pgfcoretransparency.code.tex
File: pgfcoretransparency.code.tex 2021/05/15 v3.1.9a (3.1.9a)
)
(C:\Users\Maciej Kaszkowiak\AppData\Local\Programs\MiKTeX\tex/generic/pgf/basic
layer\pgfcorepatterns.code.tex
File: pgfcorepatterns.code.tex 2021/05/15 v3.1.9a (3.1.9a)
)
(C:\Users\Maciej Kaszkowiak\AppData\Local\Programs\MiKTeX\tex/generic/pgf/basic
layer\pgfcorerdf.code.tex
File: pgfcorerdf.code.tex 2021/05/15 v3.1.9a (3.1.9a)
)))
(C:\Users\Maciej Kaszkowiak\AppData\Local\Programs\MiKTeX\tex/generic/pgf/modul
es\pgfmoduleshapes.code.tex
File: pgfmoduleshapes.code.tex 2021/05/15 v3.1.9a (3.1.9a)
\pgfnodeparttextbox=\box63
)
(C:\Users\Maciej Kaszkowiak\AppData\Local\Programs\MiKTeX\tex/generic/pgf/modul
es\pgfmoduleplot.code.tex
File: pgfmoduleplot.code.tex 2021/05/15 v3.1.9a (3.1.9a)
)
(C:\Users\Maciej Kaszkowiak\AppData\Local\Programs\MiKTeX\tex/latex/pgf/compati
bility\pgfcomp-version-0-65.sty
Package: pgfcomp-version-0-65 2021/05/15 v3.1.9a (3.1.9a)
\pgf@nodesepstart=\dimen196
\pgf@nodesepend=\dimen197
)
(C:\Users\Maciej Kaszkowiak\AppData\Local\Programs\MiKTeX\tex/latex/pgf/compati
bility\pgfcomp-version-1-18.sty
Package: pgfcomp-version-1-18 2021/05/15 v3.1.9a (3.1.9a)
))
(C:\Users\Maciej Kaszkowiak\AppData\Local\Programs\MiKTeX\tex/latex/pgf/utiliti
es\pgffor.sty
(C:\Users\Maciej Kaszkowiak\AppData\Local\Programs\MiKTeX\tex/latex/pgf/utiliti
es\pgfkeys.sty
(C:\Users\Maciej Kaszkowiak\AppData\Local\Programs\MiKTeX\tex/generic/pgf/utili
ties\pgfkeys.code.tex))
(C:\Users\Maciej Kaszkowiak\AppData\Local\Programs\MiKTeX\tex/latex/pgf/math\pg
fmath.sty
(C:\Users\Maciej Kaszkowiak\AppData\Local\Programs\MiKTeX\tex/generic/pgf/math\
pgfmath.code.tex))
(C:\Users\Maciej Kaszkowiak\AppData\Local\Programs\MiKTeX\tex/generic/pgf/utili
ties\pgffor.code.tex
Package: pgffor 2021/05/15 v3.1.9a (3.1.9a)

(C:\Users\Maciej Kaszkowiak\AppData\Local\Programs\MiKTeX\tex/generic/pgf/math\
pgfmath.code.tex)
\pgffor@iter=\dimen198
\pgffor@skip=\dimen199
\pgffor@stack=\toks39
\pgffor@toks=\toks40
))
(C:\Users\Maciej Kaszkowiak\AppData\Local\Programs\MiKTeX\tex/generic/pgf/front
endlayer/tikz\tikz.code.tex
Package: tikz 2021/05/15 v3.1.9a (3.1.9a)

(C:\Users\Maciej Kaszkowiak\AppData\Local\Programs\MiKTeX\tex/generic/pgf/libra
ries\pgflibraryplothandlers.code.tex
File: pgflibraryplothandlers.code.tex 2021/05/15 v3.1.9a (3.1.9a)
\pgf@plot@mark@count=\count286
\pgfplotmarksize=\dimen256
)
\tikz@lastx=\dimen257
\tikz@lasty=\dimen258
\tikz@lastxsaved=\dimen259
\tikz@lastysaved=\dimen260
\tikz@lastmovetox=\dimen261
\tikz@lastmovetoy=\dimen262
\tikzleveldistance=\dimen263
\tikzsiblingdistance=\dimen264
\tikz@figbox=\box64
\tikz@figbox@bg=\box65
\tikz@tempbox=\box66
\tikz@tempbox@bg=\box67
\tikztreelevel=\count287
\tikznumberofchildren=\count288
\tikznumberofcurrentchild=\count289
\tikz@fig@count=\count290

(C:\Users\Maciej Kaszkowiak\AppData\Local\Programs\MiKTeX\tex/generic/pgf/modul
es\pgfmodulematrix.code.tex
File: pgfmodulematrix.code.tex 2021/05/15 v3.1.9a (3.1.9a)
\pgfmatrixcurrentrow=\count291
\pgfmatrixcurrentcolumn=\count292
\pgf@matrix@numberofcolumns=\count293
)
\tikz@expandcount=\count294

(C:\Users\Maciej Kaszkowiak\AppData\Local\Programs\MiKTeX\tex/generic/pgf/front
endlayer/tikz/libraries\tikzlibrarytopaths.code.tex
File: tikzlibrarytopaths.code.tex 2021/05/15 v3.1.9a (3.1.9a)
)))
(C:\Users\Maciej Kaszkowiak\AppData\Local\Programs\MiKTeX\tex/generic/pgfplots\
pgfplots.code.tex
(C:\Users\Maciej Kaszkowiak\AppData\Local\Programs\MiKTeX\tex/generic/pgfplots\
pgfplotscore.code.tex
\t@pgfplots@toka=\toks41
\t@pgfplots@tokb=\toks42
\t@pgfplots@tokc=\toks43
\pgfplots@tmpa=\dimen265
\c@pgfplots@coordindex=\count295
\c@pgfplots@scanlineindex=\count296

(C:\Users\Maciej Kaszkowiak\AppData\Local\Programs\MiKTeX\tex/generic/pgfplots/
sys\pgfplotssysgeneric.code.tex))
(C:\Users\Maciej Kaszkowiak\AppData\Local\Programs\MiKTeX\tex/generic/pgfplots/
libs\pgfplotslibrary.code.tex)
(C:\Users\Maciej Kaszkowiak\AppData\Local\Programs\MiKTeX\tex/generic/pgfplots/
oldpgfcompatib\pgfplotsoldpgfsupp_loader.code.tex
(C:\Users\Maciej Kaszkowiak\AppData\Local\Programs\MiKTeX\tex/generic/pgf/libra
ries\pgflibraryfpu.code.tex))
(C:\Users\Maciej Kaszkowiak\AppData\Local\Programs\MiKTeX\tex/generic/pgfplots/
util\pgfplotsutil.code.tex
(C:\Users\Maciej Kaszkowiak\AppData\Local\Programs\MiKTeX\tex/generic/pgfplots/
liststructure\pgfplotsliststructure.code.tex)
(C:\Users\Maciej Kaszkowiak\AppData\Local\Programs\MiKTeX\tex/generic/pgfplots/
liststructure\pgfplotsliststructureext.code.tex)
(C:\Users\Maciej Kaszkowiak\AppData\Local\Programs\MiKTeX\tex/generic/pgfplots/
liststructure\pgfplotsarray.code.tex
\c@pgfplotsarray@tmp=\count297
)
(C:\Users\Maciej Kaszkowiak\AppData\Local\Programs\MiKTeX\tex/generic/pgfplots/
liststructure\pgfplotsmatrix.code.tex)
(C:\Users\Maciej Kaszkowiak\AppData\Local\Programs\MiKTeX\tex/generic/pgfplots/
numtable\pgfplotstableshared.code.tex
\c@pgfplotstable@counta=\count298
\t@pgfplotstable@a=\toks44
)
(C:\Users\Maciej Kaszkowiak\AppData\Local\Programs\MiKTeX\tex/generic/pgfplots/
liststructure\pgfplotsdeque.code.tex)
(C:\Users\Maciej Kaszkowiak\AppData\Local\Programs\MiKTeX\tex/generic/pgfplots/
util\pgfplotsbinary.code.tex
(C:\Users\Maciej Kaszkowiak\AppData\Local\Programs\MiKTeX\tex/generic/pgfplots/
util\pgfplotsbinary.data.code.tex))
(C:\Users\Maciej Kaszkowiak\AppData\Local\Programs\MiKTeX\tex/generic/pgfplots/
util\pgfplotsutil.verb.code.tex)
(C:\Users\Maciej Kaszkowiak\AppData\Local\Programs\MiKTeX\tex/generic/pgfplots/
libs\pgflibrarypgfplots.surfshading.code.tex
\c@pgfplotslibrarysurf@no=\count299

(C:\Users\Maciej Kaszkowiak\AppData\Local\Programs\MiKTeX\tex/generic/pgfplots/
sys\pgflibrarypgfplots.surfshading.pgfsys-pdftex.def)))
(C:\Users\Maciej Kaszkowiak\AppData\Local\Programs\MiKTeX\tex/generic/pgfplots/
util\pgfplotscolormap.code.tex
(C:\Users\Maciej Kaszkowiak\AppData\Local\Programs\MiKTeX\tex/generic/pgfplots/
util\pgfplotscolor.code.tex))
(C:\Users\Maciej Kaszkowiak\AppData\Local\Programs\MiKTeX\tex/generic/pgfplots\
pgfplotsstackedplots.code.tex)
(C:\Users\Maciej Kaszkowiak\AppData\Local\Programs\MiKTeX\tex/generic/pgfplots\
pgfplotsplothandlers.code.tex
(C:\Users\Maciej Kaszkowiak\AppData\Local\Programs\MiKTeX\tex/generic/pgfplots\
pgfplotsmeshplothandler.code.tex
(C:\Users\Maciej Kaszkowiak\AppData\Local\Programs\MiKTeX\tex/generic/pgfplots\
pgfplotsmeshplotimage.code.tex)))
(C:\Users\Maciej Kaszkowiak\AppData\Local\Programs\MiKTeX\tex/generic/pgfplots\
pgfplots.scaling.code.tex)
(C:\Users\Maciej Kaszkowiak\AppData\Local\Programs\MiKTeX\tex/generic/pgfplots\
pgfplotscoordprocessing.code.tex)
(C:\Users\Maciej Kaszkowiak\AppData\Local\Programs\MiKTeX\tex/generic/pgfplots\
pgfplots.errorbars.code.tex)
(C:\Users\Maciej Kaszkowiak\AppData\Local\Programs\MiKTeX\tex/generic/pgfplots\
pgfplots.markers.code.tex)
(C:\Users\Maciej Kaszkowiak\AppData\Local\Programs\MiKTeX\tex/generic/pgfplots\
pgfplotsticks.code.tex)
(C:\Users\Maciej Kaszkowiak\AppData\Local\Programs\MiKTeX\tex/generic/pgfplots\
pgfplots.paths.code.tex)
(C:\Users\Maciej Kaszkowiak\AppData\Local\Programs\MiKTeX\tex/generic/pgf/front
endlayer/tikz/libraries\tikzlibrarydecorations.code.tex
(C:\Users\Maciej Kaszkowiak\AppData\Local\Programs\MiKTeX\tex/generic/pgf/modul
es\pgfmoduledecorations.code.tex
\pgfdecoratedcompleteddistance=\dimen266
\pgfdecoratedremainingdistance=\dimen267
\pgfdecoratedinputsegmentcompleteddistance=\dimen268
\pgfdecoratedinputsegmentremainingdistance=\dimen269
\pgf@decorate@distancetomove=\dimen270
\pgf@decorate@repeatstate=\count300
\pgfdecorationsegmentamplitude=\dimen271
\pgfdecorationsegmentlength=\dimen272
)
\tikz@lib@dec@box=\box68
)
(C:\Users\Maciej Kaszkowiak\AppData\Local\Programs\MiKTeX\tex/generic/pgf/front
endlayer/tikz/libraries\tikzlibrarydecorations.pathmorphing.code.tex
(C:\Users\Maciej Kaszkowiak\AppData\Local\Programs\MiKTeX\tex/generic/pgf/libra
ries/decorations\pgflibrarydecorations.pathmorphing.code.tex))
(C:\Users\Maciej Kaszkowiak\AppData\Local\Programs\MiKTeX\tex/generic/pgf/front
endlayer/tikz/libraries\tikzlibrarydecorations.pathreplacing.code.tex
(C:\Users\Maciej Kaszkowiak\AppData\Local\Programs\MiKTeX\tex/generic/pgf/libra
ries/decorations\pgflibrarydecorations.pathreplacing.code.tex))
(C:\Users\Maciej Kaszkowiak\AppData\Local\Programs\MiKTeX\tex/generic/pgfplots/
libs\tikzlibrarypgfplots.contourlua.code.tex)
\pgfplots@numplots=\count301
\pgfplots@xmin@reg=\dimen273
\pgfplots@xmax@reg=\dimen274
\pgfplots@ymin@reg=\dimen275
\pgfplots@ymax@reg=\dimen276
\pgfplots@zmin@reg=\dimen277
\pgfplots@zmax@reg=\dimen278
)
(C:\Users\Maciej Kaszkowiak\AppData\Local\Programs\MiKTeX\tex/generic/pgf/front
endlayer/tikz/libraries\tikzlibraryplotmarks.code.tex
File: tikzlibraryplotmarks.code.tex 2021/05/15 v3.1.9a (3.1.9a)

(C:\Users\Maciej Kaszkowiak\AppData\Local\Programs\MiKTeX\tex/generic/pgf/libra
ries\pgflibraryplotmarks.code.tex
File: pgflibraryplotmarks.code.tex 2021/05/15 v3.1.9a (3.1.9a)
)))
(C:\Users\Maciej Kaszkowiak\AppData\Local\Programs\MiKTeX\tex/latex/circuitikz\
circuitikz.sty
Package: circuitikz 2022/02/04{} The CircuiTikz circuit drawing package version
 1.4.6

(C:\Users\Maciej Kaszkowiak\AppData\Local\Programs\MiKTeX\tex/generic/pgf/front
endlayer/tikz/libraries\tikzlibrarycalc.code.tex
File: tikzlibrarycalc.code.tex 2021/05/15 v3.1.9a (3.1.9a)
)
(C:\Users\Maciej Kaszkowiak\AppData\Local\Programs\MiKTeX\tex/generic/pgf/libra
ries\pgflibraryarrows.meta.code.tex
File: pgflibraryarrows.meta.code.tex 2021/05/15 v3.1.9a (3.1.9a)
\pgfarrowinset=\dimen279
\pgfarrowlength=\dimen280
\pgfarrowwidth=\dimen281
\pgfarrowlinewidth=\dimen282
)
(C:\Users\Maciej Kaszkowiak\AppData\Local\Programs\MiKTeX\tex/generic/pgf/front
endlayer/tikz/libraries\tikzlibrarybending.code.tex
File: tikzlibrarybending.code.tex 2021/05/15 v3.1.9a (3.1.9a)

(C:\Users\Maciej Kaszkowiak\AppData\Local\Programs\MiKTeX\tex/generic/pgf/modul
es\pgfmodulebending.code.tex
File: pgfmodulebending.code.tex 2021/05/15 v3.1.9a (3.1.9a)

(C:\Users\Maciej Kaszkowiak\AppData\Local\Programs\MiKTeX\tex/generic/pgf/modul
es\pgfmodulenonlineartransformations.code.tex
File: pgfmodulenonlineartransformations.code.tex 2021/05/15 v3.1.9a (3.1.9a)
\pgftransformnonlinearflatness=\dimen283
)
(C:\Users\Maciej Kaszkowiak\AppData\Local\Programs\MiKTeX\tex/generic/pgf/libra
ries\pgflibrarycurvilinear.code.tex
File: pgflibrarycurvilinear.code.tex 2021/05/15 v3.1.9a (3.1.9a)
\pgf@curvilinear@time@a=\dimen284
\pgf@curvilinear@length@a=\dimen285
\pgf@curvilinear@length@b=\dimen286
\pgf@curvilinear@length@c=\dimen287
\pgf@curvilinear@length@d=\dimen288
)
\pgf@arrows@the@rigidity=\dimen289
))
(C:\Users\Maciej Kaszkowiak\AppData\Local\Programs\MiKTeX\tex/generic/pgf/front
endlayer/tikz/libraries\tikzlibraryfpu.code.tex)
(C:\Users\Maciej Kaszkowiak\AppData\Local\Programs\MiKTeX\tex/generic/circuitik
z\pgfcirc.defines.tex
\pgf@circ@count@a=\count302
\pgf@circ@count@b=\count303
\pgf@circ@count@c=\count304
\pgf@circ@res@up=\dimen290
\pgf@circ@res@down=\dimen291
\pgf@circ@res@zero=\dimen292
\pgf@circ@res@left=\dimen293
\pgf@circ@res@right=\dimen294
\pgf@circ@res@other=\dimen295
\pgf@circ@res@step=\dimen296
\pgf@circ@res@temp=\dimen297
\pgf@circ@Rlen=\dimen298
\pgf@circ@scaled@Rlen=\dimen299
\pgfstartlinewidth=\dimen300
)
(C:\Users\Maciej Kaszkowiak\AppData\Local\Programs\MiKTeX\tex/generic/circuitik
z\pgfcircutils.tex
\ctikz@scratchbox=\box69
)
(C:\Users\Maciej Kaszkowiak\AppData\Local\Programs\MiKTeX\tex/generic/circuitik
z\pgfcircpath.tex)
(C:\Users\Maciej Kaszkowiak\AppData\Local\Programs\MiKTeX\tex/generic/circuitik
z\pgfcircshapes.tex)
(C:\Users\Maciej Kaszkowiak\AppData\Local\Programs\MiKTeX\tex/generic/circuitik
z\pgfcircmonopoles.tex)
(C:\Users\Maciej Kaszkowiak\AppData\Local\Programs\MiKTeX\tex/generic/circuitik
z\pgfcircbipoles.tex)
(C:\Users\Maciej Kaszkowiak\AppData\Local\Programs\MiKTeX\tex/generic/circuitik
z\pgfcirctripoles.tex
\pgf@circ@res@count=\count305
)
(C:\Users\Maciej Kaszkowiak\AppData\Local\Programs\MiKTeX\tex/generic/circuitik
z\pgfcircquadpoles.tex)
(C:\Users\Maciej Kaszkowiak\AppData\Local\Programs\MiKTeX\tex/generic/circuitik
z\pgfcircmultipoles.tex)
(C:\Users\Maciej Kaszkowiak\AppData\Local\Programs\MiKTeX\tex/generic/circuitik
z\pgfcirclabel.tex)
(C:\Users\Maciej Kaszkowiak\AppData\Local\Programs\MiKTeX\tex/generic/circuitik
z\pgfcircvoltage.tex
\pgfcirc@labelshift=\dimen301
)
(C:\Users\Maciej Kaszkowiak\AppData\Local\Programs\MiKTeX\tex/generic/circuitik
z\pgfcirccurrent.tex)
(C:\Users\Maciej Kaszkowiak\AppData\Local\Programs\MiKTeX\tex/generic/circuitik
z\pgfcircflow.tex))
(C:\Users\Maciej Kaszkowiak\AppData\Local\Programs\MiKTeX\tex/latex/caption\sub
caption.sty
Package: subcaption 2022/01/07 v1.5 Sub-captions (AR)

(C:\Users\Maciej Kaszkowiak\AppData\Local\Programs\MiKTeX\tex/latex/caption\cap
tion.sty
Package: caption 2022/03/01 v3.6b Customizing captions (AR)

(C:\Users\Maciej Kaszkowiak\AppData\Local\Programs\MiKTeX\tex/latex/caption\cap
tion3.sty
Package: caption3 2022/03/17 v2.3b caption3 kernel (AR)
\caption@tempdima=\dimen302
\captionmargin=\dimen303
\caption@leftmargin=\dimen304
\caption@rightmargin=\dimen305
\caption@width=\dimen306
\caption@indent=\dimen307
\caption@parindent=\dimen308
\caption@hangindent=\dimen309
Package caption Info: Standard document class detected.
)
\c@caption@flags=\count306
\c@continuedfloat=\count307
Package caption Info: float package is loaded.
Package caption Info: wrapfig package is loaded.
)
\c@subfigure=\count308
\c@subtable=\count309
)
(C:\Users\Maciej Kaszkowiak\AppData\Local\Programs\MiKTeX\tex/latex/anysize\any
size.sty
Package: anysize 1994/08/13 setting margin sizes

document style option `anysize' loaded
Michael Salzenberg, Thomas Esser, Dirk Hillbrecht
Version 1.0, Aug 13, 1994
\@Leftmargin=\dimen310
\@Rightmargin=\dimen311
\@Topmargin=\dimen312
\@Bottommargin=\dimen313
)
(C:\Users\Maciej Kaszkowiak\AppData\Local\Programs\MiKTeX\tex/latex/booktabs\bo
oktabs.sty
Package: booktabs 2020/01/12 v1.61803398 Publication quality tables
\heavyrulewidth=\dimen314
\lightrulewidth=\dimen315
\cmidrulewidth=\dimen316
\belowrulesep=\dimen317
\belowbottomsep=\dimen318
\aboverulesep=\dimen319
\abovetopsep=\dimen320
\cmidrulesep=\dimen321
\cmidrulekern=\dimen322
\defaultaddspace=\dimen323
\@cmidla=\count310
\@cmidlb=\count311
\@aboverulesep=\dimen324
\@belowrulesep=\dimen325
\@thisruleclass=\count312
\@lastruleclass=\count313
\@thisrulewidth=\dimen326
)
(C:\Users\Maciej Kaszkowiak\AppData\Local\Programs\MiKTeX\tex/latex/multirow\mu
ltirow.sty
Package: multirow 2021/03/15 v2.8 Span multiple rows of a table
\multirow@colwidth=\skip55
\multirow@cntb=\count314
\multirow@dima=\skip56
\bigstrutjot=\dimen327
)
(C:\Users\Maciej Kaszkowiak\AppData\Local\Programs\MiKTeX\tex/generic/soul\soul
.sty
Package: soul 2003/11/17 v2.4 letterspacing/underlining (mf)
\SOUL@word=\toks45
\SOUL@lasttoken=\toks46
\SOUL@cmds=\toks47
\SOUL@buffer=\toks48
\SOUL@token=\toks49
\SOUL@spaceskip=\skip57
\SOUL@ttwidth=\dimen328
\SOUL@uldp=\dimen329
\SOUL@ulht=\dimen330
)
(C:\Users\Maciej Kaszkowiak\AppData\Local\Programs\MiKTeX\tex/latex/changepage\
changepage.sty
Package: changepage 2009/10/20 v1.0c check page and change page layout
\c@cp@cntr=\count315
\cp@tempcnt=\count316
)
(C:\Users\Maciej Kaszkowiak\AppData\Local\Programs\MiKTeX\tex/latex/threepartta
ble\threeparttable.sty
Package: threeparttable 2003/06/13  v 3.0
\@tempboxb=\box70
)
(C:\Users\Maciej Kaszkowiak\AppData\Local\Programs\MiKTeX\tex/latex/l3backend\l
3backend-pdftex.def
File: l3backend-pdftex.def 2021-12-14 L3 backend support: PDF output (pdfTeX)
\l__color_backend_stack_int=\count317
\l__pdf_internal_box=\box71
) (sprawozdanie.aux

LaTeX Warning: Label `tab: ' multiply defined.


LaTeX Warning: Label `tab: ' multiply defined.


LaTeX Warning: Label `tab: ' multiply defined.

)
\openout1 = `sprawozdanie.aux'.

LaTeX Font Info:    Checking defaults for OML/cmm/m/it on input line 67.
LaTeX Font Info:    ... okay on input line 67.
LaTeX Font Info:    Checking defaults for OMS/pzccm/m/n on input line 67.
LaTeX Font Info:    Trying to load font information for OMS+pzccm on input line
 67.

(C:\Users\Maciej Kaszkowiak\AppData\Local\Programs\MiKTeX\tex/latex/psnfss\omsp
zccm.fd
File: omspzccm.fd 2000/01/03 Fontinst v1.801 font definitions for OMS/pzccm.
)
LaTeX Font Info:    ... okay on input line 67.
LaTeX Font Info:    Checking defaults for OT1/cmr/m/n on input line 67.
LaTeX Font Info:    ... okay on input line 67.
LaTeX Font Info:    Checking defaults for T1/cmr/m/n on input line 67.
LaTeX Font Info:    ... okay on input line 67.
LaTeX Font Info:    Checking defaults for TS1/cmr/m/n on input line 67.
LaTeX Font Info:    ... okay on input line 67.
LaTeX Font Info:    Checking defaults for OMX/cmex/m/n on input line 67.
LaTeX Font Info:    ... okay on input line 67.
LaTeX Font Info:    Checking defaults for U/cmr/m/n on input line 67.
LaTeX Font Info:    ... okay on input line 67.

(C:\Users\Maciej Kaszkowiak\AppData\Local\Programs\MiKTeX\tex/context/base/mkii
\supp-pdf.mkii
[Loading MPS to PDF converter (version 2006.09.02).]
\scratchcounter=\count318
\scratchdimen=\dimen331
\scratchbox=\box72
\nofMPsegments=\count319
\nofMParguments=\count320
\everyMPshowfont=\toks50
\MPscratchCnt=\count321
\MPscratchDim=\dimen332
\MPnumerator=\count322
\makeMPintoPDFobject=\count323
\everyMPtoPDFconversion=\toks51
)
(C:\Users\Maciej Kaszkowiak\AppData\Local\Programs\MiKTeX\tex/latex/epstopdf-pk
g\epstopdf-base.sty
Package: epstopdf-base 2020-01-24 v2.11 Base part for package epstopdf
Package epstopdf-base Info: Redefining graphics rule for `.eps' on input line 4
85.

(C:\Users\Maciej Kaszkowiak\AppData\Local\Programs\MiKTeX\tex/latex/00miktex\ep
stopdf-sys.cfg
File: epstopdf-sys.cfg 2021/03/18 v2.0 Configuration of epstopdf for MiKTeX
))

Package pgfplots Warning: running in backwards compatibility mode (unsuitable t
ick labels; missing features). Consider writing \pgfplotsset{compat=1.18} into 
your preamble.
 on input line 67.

Package caption Info: Begin \AtBeginDocument code.
Package caption Info: changepage package is loaded.
\caption@adjustwidth@hsize=\dimen333
\caption@adjustwidth@linewidth=\dimen334
Package caption Info: threeparttable package is loaded.
Package caption Info: End \AtBeginDocument code.
LaTeX Font Info:    Trying to load font information for OT1+ptmcm on input line
 69.

(C:\Users\Maciej Kaszkowiak\AppData\Local\Programs\MiKTeX\tex/latex/psnfss\ot1p
tmcm.fd
File: ot1ptmcm.fd 2000/01/03 Fontinst v1.801 font definitions for OT1/ptmcm.
)
LaTeX Font Info:    Trying to load font information for OML+ptmcm on input line
 69.

(C:\Users\Maciej Kaszkowiak\AppData\Local\Programs\MiKTeX\tex/latex/psnfss\omlp
tmcm.fd
File: omlptmcm.fd 2000/01/03 Fontinst v1.801 font definitions for OML/ptmcm.
)
LaTeX Font Info:    Trying to load font information for OMX+psycm on input line
 69.

(C:\Users\Maciej Kaszkowiak\AppData\Local\Programs\MiKTeX\tex/latex/psnfss\omxp
sycm.fd
File: omxpsycm.fd 2000/01/03 Fontinst v1.801 font definitions for OMX/psycm.
)
LaTeX Font Info:    Font shape `OT1/ptm/bx/n' in size <10> not available
(Font)              Font shape `OT1/ptm/b/n' tried instead on input line 69.
LaTeX Font Info:    Font shape `OT1/ptm/bx/n' in size <7.4> not available
(Font)              Font shape `OT1/ptm/b/n' tried instead on input line 69.
LaTeX Font Info:    Font shape `OT1/ptm/bx/n' in size <6> not available
(Font)              Font shape `OT1/ptm/b/n' tried instead on input line 69.
LaTeX Font Info:    Font shape `T1/phv/m/n' will be
(Font)              scaled to size 8.99994pt on input line 69.
LaTeX Font Info:    Font shape `T1/phv/b/n' will be
(Font)              scaled to size 8.99994pt on input line 69.
LaTeX Font Info:    Font shape `T1/phv/b/n' will be
(Font)              scaled to size 6.29996pt on input line 69.
<nmos bramkowa.pdf, id=4, 346.29375pt x 268.00125pt>
File: nmos bramkowa.pdf Graphic file (type pdf)
<use nmos bramkowa.pdf>
Package pdftex.def Info: nmos bramkowa.pdf  used on input line 83.
(pdftex.def)             Requested size: 250.38564pt x 193.7827pt.
 [1

{C:/Users/Maciej Kaszkowiak/AppData/Local/MiKTeX/fonts/map/pdftex/pdftex.map} <
./nmos bramkowa.pdf>]
<nmos drenowa.pdf, id=23, 394.47375pt x 268.00125pt>
File: nmos drenowa.pdf Graphic file (type pdf)
<use nmos drenowa.pdf>
Package pdftex.def Info: nmos drenowa.pdf  used on input line 168.
(pdftex.def)             Requested size: 250.38564pt x 170.10938pt.
 [2] [3 <./nmos drenowa.pdf>]
<nmos drenowa obnizona.pdf, id=41, 394.47375pt x 268.00125pt>
File: nmos drenowa obnizona.pdf Graphic file (type pdf)
<use nmos drenowa obnizona.pdf>
Package pdftex.def Info: nmos drenowa obnizona.pdf  used on input line 244.
(pdftex.def)             Requested size: 250.38564pt x 170.10938pt.
 [4 <./nmos drenowa obnizona.pdf>] [5]
<nmos przelacznik.pdf, id=62, 382.42876pt x 268.00125pt>
File: nmos przelacznik.pdf Graphic file (type pdf)
<use nmos przelacznik.pdf>
Package pdftex.def Info: nmos przelacznik.pdf  used on input line 380.
(pdftex.def)             Requested size: 250.38564pt x 175.46643pt.
<nmos przelacznik opoznienie.pdf, id=63, 382.42876pt x 268.00125pt>
File: nmos przelacznik opoznienie.pdf Graphic file (type pdf)
<use nmos przelacznik opoznienie.pdf>
Package pdftex.def Info: nmos przelacznik opoznienie.pdf  used on input line 38
7.
(pdftex.def)             Requested size: 250.38564pt x 175.46643pt.
 [6 <./nmos przelacznik.pdf>]
<nmos czas zalaczania.pdf, id=75, 382.42876pt x 207.77625pt>
File: nmos czas zalaczania.pdf Graphic file (type pdf)
<use nmos czas zalaczania.pdf>
Package pdftex.def Info: nmos czas zalaczania.pdf  used on input line 398.
(pdftex.def)             Requested size: 250.38564pt x 136.03577pt.
<oscylogram male wypelnienie.png, id=76, 722.7pt x 540.0175pt>
File: oscylogram male wypelnienie.png Graphic file (type png)
<use oscylogram male wypelnienie.png>
Package pdftex.def Info: oscylogram male wypelnienie.png  used on input line 40
6.
(pdftex.def)             Requested size: 455.24411pt x 340.17162pt.
 [7 <./nmos przelacznik opoznienie.pdf> <./nmos czas zalaczania.pdf

pdfTeX warning: pdflatex (file ./nmos czas zalaczania.pdf): PDF inclusion: mult
iple pdfs with page group included in a single page
>]
<oscylogram duze wypelnienie.png, id=107, 748.7975pt x 558.085pt>
File: oscylogram duze wypelnienie.png Graphic file (type png)
<use oscylogram duze wypelnienie.png>
Package pdftex.def Info: oscylogram duze wypelnienie.png  used on input line 41
2.
(pdftex.def)             Requested size: 455.24411pt x 339.29877pt.
 [8 <./oscylogram male wypelnienie.png (PNG copy)>]
<oscylogram opoznienie.png, id=111, 678.535pt x 487.8225pt>
File: oscylogram opoznienie.png Graphic file (type png)
<use oscylogram opoznienie.png>
Package pdftex.def Info: oscylogram opoznienie.png  used on input line 420.
(pdftex.def)             Requested size: 455.24411pt x 327.28598pt.
 [9 <./oscylogram duze wypelnienie.png (PNG copy)>]
<pmos bramkowa.pdf, id=115, 381.67593pt x 268.00125pt>
File: pmos bramkowa.pdf Graphic file (type pdf)
<use pmos bramkowa.pdf>
Package pdftex.def Info: pmos bramkowa.pdf  used on input line 431.
(pdftex.def)             Requested size: 250.38564pt x 175.81403pt.
 [10 <./oscylogram opoznienie.png (PNG copy)>]
[11 <./pmos bramkowa.pdf>]
<pmos drenowa.pdf, id=134, 394.47375pt x 268.00125pt>
File: pmos drenowa.pdf Graphic file (type pdf)
<use pmos drenowa.pdf>
Package pdftex.def Info: pmos drenowa.pdf  used on input line 518.
(pdftex.def)             Requested size: 250.38564pt x 170.10938pt.
 [12 <./pmos drenowa.pdf>]
<pmos drenowa obnizona.pdf, id=148, 394.47375pt x 268.00125pt>
File: pmos drenowa obnizona.pdf Graphic file (type pdf)
<use pmos drenowa obnizona.pdf>
Package pdftex.def Info: pmos drenowa obnizona.pdf  used on input line 547.
(pdftex.def)             Requested size: 250.38564pt x 170.10938pt.

Missing character: There is no , in font nullfont!
Missing character: There is no , in font nullfont!
[13 <./pmos drenowa obnizona.pdf>] [14] (sprawozdanie.toc)
\tf@toc=\write4
\openout4 = `sprawozdanie.toc'.

 (sprawozdanie.bbl)
[15] (sprawozdanie.aux)

LaTeX Warning: There were multiply-defined labels.

 ) 
Here is how much of TeX's memory you used:
 40782 strings out of 478659
 1114186 string characters out of 2840196
 1729892 words of memory out of 3000000
 58372 multiletter control sequences out of 15000+600000
 441627 words of font info for 70 fonts, out of 8000000 for 9000
 1141 hyphenation exceptions out of 8191
 99i,20n,94p,752b,2317s stack positions out of 5000i,500n,10000p,200000b,80000s
{C:/Users/Maciej Kaszkowiak/AppData/Local/Programs/MiKTeX/fonts/enc/dvips/bas
e/8r.enc}<C:/Users/Maciej Kaszkowiak/AppData/Local/Programs/MiKTeX/fonts/type1/
public/amsfonts/cm/cmmi10.pfb><C:/Users/Maciej Kaszkowiak/AppData/Local/Program
s/MiKTeX/fonts/type1/public/amsfonts/cm/cmr10.pfb><C:/Users/Maciej Kaszkowiak/A
ppData/Local/Programs/MiKTeX/fonts/type1/public/amsfonts/cm/cmsy10.pfb><C:/User
s/Maciej Kaszkowiak/AppData/Local/Programs/MiKTeX/fonts/type1/urw/helvetic/uhvb
8a.pfb><C:/Users/Maciej Kaszkowiak/AppData/Local/Programs/MiKTeX/fonts/type1/ur
w/times/utmb8a.pfb><C:/Users/Maciej Kaszkowiak/AppData/Local/Programs/MiKTeX/fo
nts/type1/urw/times/utmr8a.pfb><C:/Users/Maciej Kaszkowiak/AppData/Local/Progra
ms/MiKTeX/fonts/type1/urw/times/utmri8a.pfb>
Output written on sprawozdanie.pdf (15 pages, 1399431 bytes).
PDF statistics:
 204 PDF objects out of 1000 (max. 8388607)
 0 named destinations out of 1000 (max. 500000)
 73 words of extra memory for PDF output out of 10000 (max. 10000000)

