This is pdfTeX, Version 3.141592653-2.6-1.40.24 (MiKTeX 21.12.10) (preloaded format=pdflatex 2022.1.20)  5 APR 2022 17:18
entering extended mode
 restricted \write18 enabled.
 %&-line parsing enabled.
**./sprawozdanie.tex
(sprawozdanie.tex
LaTeX2e <2021-11-15> patch level 1
L3 programming layer <2021-11-22>
(C:\Users\Maciej Kaszkowiak\AppData\Local\Programs\MiKTeX\tex/latex/base\articl
e.cls
Document Class: article 2021/10/04 v1.4n Standard LaTeX document class

(C:\Users\Maciej Kaszkowiak\AppData\Local\Programs\MiKTeX\tex/latex/base\size10
.clo
File: size10.clo 2021/10/04 v1.4n Standard LaTeX file (size option)
)
\c@part=\count183
\c@section=\count184
\c@subsection=\count185
\c@subsubsection=\count186
\c@paragraph=\count187
\c@subparagraph=\count188
\c@figure=\count189
\c@table=\count190
\abovecaptionskip=\skip47
\belowcaptionskip=\skip48
\bibindent=\dimen138
)
(C:\Users\Maciej Kaszkowiak\AppData\Local\Programs\MiKTeX\tex/latex/float\float
.sty
Package: float 2001/11/08 v1.3d Float enhancements (AL)
\c@float@type=\count191
\float@exts=\toks16
\float@box=\box50
\@float@everytoks=\toks17
\@floatcapt=\box51
)
(C:\Users\Maciej Kaszkowiak\AppData\Local\Programs\MiKTeX\tex/latex/base\fonten
c.sty
Package: fontenc 2021/04/29 v2.0v Standard LaTeX package
)
(C:\Users\Maciej Kaszkowiak\AppData\Local\Programs\MiKTeX\tex/latex/base\inpute
nc.sty
Package: inputenc 2021/02/14 v1.3d Input encoding file
\inpenc@prehook=\toks18
\inpenc@posthook=\toks19
)
(C:\Users\Maciej Kaszkowiak\AppData\Local\Programs\MiKTeX\tex/generic/babel\bab
el.sty
Package: babel 2021/12/30 3.69 The Babel package
\babel@savecnt=\count192
\U@D=\dimen139
\l@unhyphenated=\language79

(C:\Users\Maciej Kaszkowiak\AppData\Local\Programs\MiKTeX\tex/generic/babel\txt
babel.def)
\bbl@readstream=\read2
\bbl@dirlevel=\count193

*************************************
* Local config file bblopts.cfg used
*

(C:\Users\Maciej Kaszkowiak\AppData\Local\Programs\MiKTeX\tex/latex/arabi\bblop
ts.cfg
File: bblopts.cfg 2005/09/08 v0.1 add Arabic and Farsi to "declared" options of
 babel
)
(C:\Users\Maciej Kaszkowiak\AppData\Local\Programs\MiKTeX\tex/latex/babel-polis
h\polish.ldf
Language: polish 2005/03/31 v1.2l Polish support from the babel system
Package babel Info: Making " an active character on input line 83.
\pl@left=\dimen140
\pl@down=\dimen141
\pl@right=\dimen142
\pl@temp=\dimen143
))
(C:\Users\Maciej Kaszkowiak\AppData\Local\Programs\MiKTeX\tex/latex/pslatex\psl
atex.sty
Package: pslatex 2021/01/13 v1.3 pslatex emulation (DPC)
LaTeX Font Info:    Redeclaring symbol font `operators' on input line 66.
LaTeX Font Info:    Overwriting symbol font `operators' in version `normal'
(Font)                  OT1/cmr/m/n --> OT1/ptmcm/m/n on input line 66.
LaTeX Font Info:    Overwriting symbol font `operators' in version `bold'
(Font)                  OT1/cmr/bx/n --> OT1/ptmcm/m/n on input line 66.
LaTeX Font Info:    Redeclaring symbol font `letters' on input line 67.
LaTeX Font Info:    Overwriting symbol font `letters' in version `normal'
(Font)                  OML/cmm/m/it --> OML/ptmcm/m/it on input line 67.
LaTeX Font Info:    Overwriting symbol font `letters' in version `bold'
(Font)                  OML/cmm/b/it --> OML/ptmcm/m/it on input line 67.
LaTeX Font Info:    Redeclaring symbol font `symbols' on input line 68.
LaTeX Font Info:    Overwriting symbol font `symbols' in version `normal'
(Font)                  OMS/cmsy/m/n --> OMS/pzccm/m/n on input line 68.
LaTeX Font Info:    Overwriting symbol font `symbols' in version `bold'
(Font)                  OMS/cmsy/b/n --> OMS/pzccm/m/n on input line 68.
LaTeX Font Info:    Redeclaring symbol font `largesymbols' on input line 69.
LaTeX Font Info:    Overwriting symbol font `largesymbols' in version `normal'
(Font)                  OMX/cmex/m/n --> OMX/psycm/m/n on input line 69.
LaTeX Font Info:    Overwriting symbol font `largesymbols' in version `bold'
(Font)                  OMX/cmex/m/n --> OMX/psycm/m/n on input line 69.
\symbold=\mathgroup4
\symitalic=\mathgroup5
LaTeX Font Info:    Redeclaring math alphabet \mathbf on input line 75.
LaTeX Font Info:    Overwriting math alphabet `\mathbf' in version `normal'
(Font)                  OT1/cmr/bx/n --> OT1/ptm/bx/n on input line 75.
LaTeX Font Info:    Overwriting math alphabet `\mathbf' in version `bold'
(Font)                  OT1/cmr/bx/n --> OT1/ptm/bx/n on input line 75.
LaTeX Font Info:    Redeclaring math alphabet \mathit on input line 76.
LaTeX Font Info:    Overwriting math alphabet `\mathit' in version `normal'
(Font)                  OT1/cmr/m/it --> OT1/ptm/m/it on input line 76.
LaTeX Font Info:    Overwriting math alphabet `\mathit' in version `bold'
(Font)                  OT1/cmr/bx/it --> OT1/ptm/m/it on input line 76.
)
(C:\Users\Maciej Kaszkowiak\AppData\Local\Programs\MiKTeX\tex/latex/wrapfig\wra
pfig.sty
\wrapoverhang=\dimen144
\WF@size=\dimen145
\c@WF@wrappedlines=\count194
\WF@box=\box52
\WF@everypar=\toks20
Package: wrapfig 2003/01/31  v 3.6
)
(C:\Users\Maciej Kaszkowiak\AppData\Local\Programs\MiKTeX\tex/latex/pgfplots\pg
fplots.sty
(C:\Users\Maciej Kaszkowiak\AppData\Local\Programs\MiKTeX\tex/generic/pgfplots\
pgfplots.revision.tex)
Package: pgfplots 2021/05/15 v1.18.1 Data Visualization (1.18.1)

(C:\Users\Maciej Kaszkowiak\AppData\Local\Programs\MiKTeX\tex/latex/graphics\gr
aphicx.sty
Package: graphicx 2021/09/16 v1.2d Enhanced LaTeX Graphics (DPC,SPQR)

(C:\Users\Maciej Kaszkowiak\AppData\Local\Programs\MiKTeX\tex/latex/graphics\ke
yval.sty
Package: keyval 2014/10/28 v1.15 key=value parser (DPC)
\KV@toks@=\toks21
)
(C:\Users\Maciej Kaszkowiak\AppData\Local\Programs\MiKTeX\tex/latex/graphics\gr
aphics.sty
Package: graphics 2021/03/04 v1.4d Standard LaTeX Graphics (DPC,SPQR)

(C:\Users\Maciej Kaszkowiak\AppData\Local\Programs\MiKTeX\tex/latex/graphics\tr
ig.sty
Package: trig 2021/08/11 v1.11 sin cos tan (DPC)
)
(C:\Users\Maciej Kaszkowiak\AppData\Local\Programs\MiKTeX\tex/latex/graphics-cf
g\graphics.cfg
File: graphics.cfg 2016/06/04 v1.11 sample graphics configuration
)
Package graphics Info: Driver file: pdftex.def on input line 107.

(C:\Users\Maciej Kaszkowiak\AppData\Local\Programs\MiKTeX\tex/latex/graphics-de
f\pdftex.def
File: pdftex.def 2020/10/05 v1.2a Graphics/color driver for pdftex
))
\Gin@req@height=\dimen146
\Gin@req@width=\dimen147
)
(C:\Users\Maciej Kaszkowiak\AppData\Local\Programs\MiKTeX\tex/latex/pgf/fronten
dlayer\tikz.sty
(C:\Users\Maciej Kaszkowiak\AppData\Local\Programs\MiKTeX\tex/latex/pgf/basicla
yer\pgf.sty
(C:\Users\Maciej Kaszkowiak\AppData\Local\Programs\MiKTeX\tex/latex/pgf/utiliti
es\pgfrcs.sty
(C:\Users\Maciej Kaszkowiak\AppData\Local\Programs\MiKTeX\tex/generic/pgf/utili
ties\pgfutil-common.tex
\pgfutil@everybye=\toks22
\pgfutil@tempdima=\dimen148
\pgfutil@tempdimb=\dimen149

(C:\Users\Maciej Kaszkowiak\AppData\Local\Programs\MiKTeX\tex/generic/pgf/utili
ties\pgfutil-common-lists.tex))
(C:\Users\Maciej Kaszkowiak\AppData\Local\Programs\MiKTeX\tex/generic/pgf/utili
ties\pgfutil-latex.def
\pgfutil@abb=\box53
)
(C:\Users\Maciej Kaszkowiak\AppData\Local\Programs\MiKTeX\tex/generic/pgf/utili
ties\pgfrcs.code.tex
(C:\Users\Maciej Kaszkowiak\AppData\Local\Programs\MiKTeX\tex/generic/pgf\pgf.r
evision.tex)
Package: pgfrcs 2021/05/15 v3.1.9a (3.1.9a)
))
Package: pgf 2021/05/15 v3.1.9a (3.1.9a)

(C:\Users\Maciej Kaszkowiak\AppData\Local\Programs\MiKTeX\tex/latex/pgf/basicla
yer\pgfcore.sty
(C:\Users\Maciej Kaszkowiak\AppData\Local\Programs\MiKTeX\tex/latex/pgf/systeml
ayer\pgfsys.sty
(C:\Users\Maciej Kaszkowiak\AppData\Local\Programs\MiKTeX\tex/generic/pgf/syste
mlayer\pgfsys.code.tex
Package: pgfsys 2021/05/15 v3.1.9a (3.1.9a)

(C:\Users\Maciej Kaszkowiak\AppData\Local\Programs\MiKTeX\tex/generic/pgf/utili
ties\pgfkeys.code.tex
\pgfkeys@pathtoks=\toks23
\pgfkeys@temptoks=\toks24

(C:\Users\Maciej Kaszkowiak\AppData\Local\Programs\MiKTeX\tex/generic/pgf/utili
ties\pgfkeysfiltered.code.tex
\pgfkeys@tmptoks=\toks25
))
\pgf@x=\dimen150
\pgf@y=\dimen151
\pgf@xa=\dimen152
\pgf@ya=\dimen153
\pgf@xb=\dimen154
\pgf@yb=\dimen155
\pgf@xc=\dimen156
\pgf@yc=\dimen157
\pgf@xd=\dimen158
\pgf@yd=\dimen159
\w@pgf@writea=\write3
\r@pgf@reada=\read3
\c@pgf@counta=\count195
\c@pgf@countb=\count196
\c@pgf@countc=\count197
\c@pgf@countd=\count198
\t@pgf@toka=\toks26
\t@pgf@tokb=\toks27
\t@pgf@tokc=\toks28
\pgf@sys@id@count=\count199

(C:\Users\Maciej Kaszkowiak\AppData\Local\Programs\MiKTeX\tex/generic/pgf/syste
mlayer\pgf.cfg
File: pgf.cfg 2021/05/15 v3.1.9a (3.1.9a)
)
Driver file for pgf: pgfsys-pdftex.def

(C:\Users\Maciej Kaszkowiak\AppData\Local\Programs\MiKTeX\tex/generic/pgf/syste
mlayer\pgfsys-pdftex.def
File: pgfsys-pdftex.def 2021/05/15 v3.1.9a (3.1.9a)

(C:\Users\Maciej Kaszkowiak\AppData\Local\Programs\MiKTeX\tex/generic/pgf/syste
mlayer\pgfsys-common-pdf.def
File: pgfsys-common-pdf.def 2021/05/15 v3.1.9a (3.1.9a)
)))
(C:\Users\Maciej Kaszkowiak\AppData\Local\Programs\MiKTeX\tex/generic/pgf/syste
mlayer\pgfsyssoftpath.code.tex
File: pgfsyssoftpath.code.tex 2021/05/15 v3.1.9a (3.1.9a)
\pgfsyssoftpath@smallbuffer@items=\count266
\pgfsyssoftpath@bigbuffer@items=\count267
)
(C:\Users\Maciej Kaszkowiak\AppData\Local\Programs\MiKTeX\tex/generic/pgf/syste
mlayer\pgfsysprotocol.code.tex
File: pgfsysprotocol.code.tex 2021/05/15 v3.1.9a (3.1.9a)
))
(C:\Users\Maciej Kaszkowiak\AppData\Local\Programs\MiKTeX\tex/latex/xcolor\xcol
or.sty
Package: xcolor 2021/10/31 v2.13 LaTeX color extensions (UK)

(C:\Users\Maciej Kaszkowiak\AppData\Local\Programs\MiKTeX\tex/latex/graphics-cf
g\color.cfg
File: color.cfg 2016/01/02 v1.6 sample color configuration
)
Package xcolor Info: Driver file: pdftex.def on input line 227.
Package xcolor Info: Model `cmy' substituted by `cmy0' on input line 1352.
Package xcolor Info: Model `hsb' substituted by `rgb' on input line 1356.
Package xcolor Info: Model `RGB' extended on input line 1368.
Package xcolor Info: Model `HTML' substituted by `rgb' on input line 1370.
Package xcolor Info: Model `Hsb' substituted by `hsb' on input line 1371.
Package xcolor Info: Model `tHsb' substituted by `hsb' on input line 1372.
Package xcolor Info: Model `HSB' substituted by `hsb' on input line 1373.
Package xcolor Info: Model `Gray' substituted by `gray' on input line 1374.
Package xcolor Info: Model `wave' substituted by `hsb' on input line 1375.
)
(C:\Users\Maciej Kaszkowiak\AppData\Local\Programs\MiKTeX\tex/generic/pgf/basic
layer\pgfcore.code.tex
Package: pgfcore 2021/05/15 v3.1.9a (3.1.9a)

(C:\Users\Maciej Kaszkowiak\AppData\Local\Programs\MiKTeX\tex/generic/pgf/math\
pgfmath.code.tex
(C:\Users\Maciej Kaszkowiak\AppData\Local\Programs\MiKTeX\tex/generic/pgf/math\
pgfmathcalc.code.tex
(C:\Users\Maciej Kaszkowiak\AppData\Local\Programs\MiKTeX\tex/generic/pgf/math\
pgfmathutil.code.tex)
(C:\Users\Maciej Kaszkowiak\AppData\Local\Programs\MiKTeX\tex/generic/pgf/math\
pgfmathparser.code.tex
\pgfmath@dimen=\dimen160
\pgfmath@count=\count268
\pgfmath@box=\box54
\pgfmath@toks=\toks29
\pgfmath@stack@operand=\toks30
\pgfmath@stack@operation=\toks31
)
(C:\Users\Maciej Kaszkowiak\AppData\Local\Programs\MiKTeX\tex/generic/pgf/math\
pgfmathfunctions.code.tex
(C:\Users\Maciej Kaszkowiak\AppData\Local\Programs\MiKTeX\tex/generic/pgf/math\
pgfmathfunctions.basic.code.tex)
(C:\Users\Maciej Kaszkowiak\AppData\Local\Programs\MiKTeX\tex/generic/pgf/math\
pgfmathfunctions.trigonometric.code.tex)
(C:\Users\Maciej Kaszkowiak\AppData\Local\Programs\MiKTeX\tex/generic/pgf/math\
pgfmathfunctions.random.code.tex)
(C:\Users\Maciej Kaszkowiak\AppData\Local\Programs\MiKTeX\tex/generic/pgf/math\
pgfmathfunctions.comparison.code.tex)
(C:\Users\Maciej Kaszkowiak\AppData\Local\Programs\MiKTeX\tex/generic/pgf/math\
pgfmathfunctions.base.code.tex)
(C:\Users\Maciej Kaszkowiak\AppData\Local\Programs\MiKTeX\tex/generic/pgf/math\
pgfmathfunctions.round.code.tex)
(C:\Users\Maciej Kaszkowiak\AppData\Local\Programs\MiKTeX\tex/generic/pgf/math\
pgfmathfunctions.misc.code.tex)
(C:\Users\Maciej Kaszkowiak\AppData\Local\Programs\MiKTeX\tex/generic/pgf/math\
pgfmathfunctions.integerarithmetics.code.tex)))
(C:\Users\Maciej Kaszkowiak\AppData\Local\Programs\MiKTeX\tex/generic/pgf/math\
pgfmathfloat.code.tex
\c@pgfmathroundto@lastzeros=\count269
))
(C:\Users\Maciej Kaszkowiak\AppData\Local\Programs\MiKTeX\tex/generic/pgf/math\
pgfint.code.tex)
(C:\Users\Maciej Kaszkowiak\AppData\Local\Programs\MiKTeX\tex/generic/pgf/basic
layer\pgfcorepoints.code.tex
File: pgfcorepoints.code.tex 2021/05/15 v3.1.9a (3.1.9a)
\pgf@picminx=\dimen161
\pgf@picmaxx=\dimen162
\pgf@picminy=\dimen163
\pgf@picmaxy=\dimen164
\pgf@pathminx=\dimen165
\pgf@pathmaxx=\dimen166
\pgf@pathminy=\dimen167
\pgf@pathmaxy=\dimen168
\pgf@xx=\dimen169
\pgf@xy=\dimen170
\pgf@yx=\dimen171
\pgf@yy=\dimen172
\pgf@zx=\dimen173
\pgf@zy=\dimen174
)
(C:\Users\Maciej Kaszkowiak\AppData\Local\Programs\MiKTeX\tex/generic/pgf/basic
layer\pgfcorepathconstruct.code.tex
File: pgfcorepathconstruct.code.tex 2021/05/15 v3.1.9a (3.1.9a)
\pgf@path@lastx=\dimen175
\pgf@path@lasty=\dimen176
)
(C:\Users\Maciej Kaszkowiak\AppData\Local\Programs\MiKTeX\tex/generic/pgf/basic
layer\pgfcorepathusage.code.tex
File: pgfcorepathusage.code.tex 2021/05/15 v3.1.9a (3.1.9a)
\pgf@shorten@end@additional=\dimen177
\pgf@shorten@start@additional=\dimen178
)
(C:\Users\Maciej Kaszkowiak\AppData\Local\Programs\MiKTeX\tex/generic/pgf/basic
layer\pgfcorescopes.code.tex
File: pgfcorescopes.code.tex 2021/05/15 v3.1.9a (3.1.9a)
\pgfpic=\box55
\pgf@hbox=\box56
\pgf@layerbox@main=\box57
\pgf@picture@serial@count=\count270
)
(C:\Users\Maciej Kaszkowiak\AppData\Local\Programs\MiKTeX\tex/generic/pgf/basic
layer\pgfcoregraphicstate.code.tex
File: pgfcoregraphicstate.code.tex 2021/05/15 v3.1.9a (3.1.9a)
\pgflinewidth=\dimen179
)
(C:\Users\Maciej Kaszkowiak\AppData\Local\Programs\MiKTeX\tex/generic/pgf/basic
layer\pgfcoretransformations.code.tex
File: pgfcoretransformations.code.tex 2021/05/15 v3.1.9a (3.1.9a)
\pgf@pt@x=\dimen180
\pgf@pt@y=\dimen181
\pgf@pt@temp=\dimen182
)
(C:\Users\Maciej Kaszkowiak\AppData\Local\Programs\MiKTeX\tex/generic/pgf/basic
layer\pgfcorequick.code.tex
File: pgfcorequick.code.tex 2021/05/15 v3.1.9a (3.1.9a)
)
(C:\Users\Maciej Kaszkowiak\AppData\Local\Programs\MiKTeX\tex/generic/pgf/basic
layer\pgfcoreobjects.code.tex
File: pgfcoreobjects.code.tex 2021/05/15 v3.1.9a (3.1.9a)
)
(C:\Users\Maciej Kaszkowiak\AppData\Local\Programs\MiKTeX\tex/generic/pgf/basic
layer\pgfcorepathprocessing.code.tex
File: pgfcorepathprocessing.code.tex 2021/05/15 v3.1.9a (3.1.9a)
)
(C:\Users\Maciej Kaszkowiak\AppData\Local\Programs\MiKTeX\tex/generic/pgf/basic
layer\pgfcorearrows.code.tex
File: pgfcorearrows.code.tex 2021/05/15 v3.1.9a (3.1.9a)
\pgfarrowsep=\dimen183
)
(C:\Users\Maciej Kaszkowiak\AppData\Local\Programs\MiKTeX\tex/generic/pgf/basic
layer\pgfcoreshade.code.tex
File: pgfcoreshade.code.tex 2021/05/15 v3.1.9a (3.1.9a)
\pgf@max=\dimen184
\pgf@sys@shading@range@num=\count271
\pgf@shadingcount=\count272
)
(C:\Users\Maciej Kaszkowiak\AppData\Local\Programs\MiKTeX\tex/generic/pgf/basic
layer\pgfcoreimage.code.tex
File: pgfcoreimage.code.tex 2021/05/15 v3.1.9a (3.1.9a)

(C:\Users\Maciej Kaszkowiak\AppData\Local\Programs\MiKTeX\tex/generic/pgf/basic
layer\pgfcoreexternal.code.tex
File: pgfcoreexternal.code.tex 2021/05/15 v3.1.9a (3.1.9a)
\pgfexternal@startupbox=\box58
))
(C:\Users\Maciej Kaszkowiak\AppData\Local\Programs\MiKTeX\tex/generic/pgf/basic
layer\pgfcorelayers.code.tex
File: pgfcorelayers.code.tex 2021/05/15 v3.1.9a (3.1.9a)
)
(C:\Users\Maciej Kaszkowiak\AppData\Local\Programs\MiKTeX\tex/generic/pgf/basic
layer\pgfcoretransparency.code.tex
File: pgfcoretransparency.code.tex 2021/05/15 v3.1.9a (3.1.9a)
)
(C:\Users\Maciej Kaszkowiak\AppData\Local\Programs\MiKTeX\tex/generic/pgf/basic
layer\pgfcorepatterns.code.tex
File: pgfcorepatterns.code.tex 2021/05/15 v3.1.9a (3.1.9a)
)
(C:\Users\Maciej Kaszkowiak\AppData\Local\Programs\MiKTeX\tex/generic/pgf/basic
layer\pgfcorerdf.code.tex
File: pgfcorerdf.code.tex 2021/05/15 v3.1.9a (3.1.9a)
)))
(C:\Users\Maciej Kaszkowiak\AppData\Local\Programs\MiKTeX\tex/generic/pgf/modul
es\pgfmoduleshapes.code.tex
File: pgfmoduleshapes.code.tex 2021/05/15 v3.1.9a (3.1.9a)
\pgfnodeparttextbox=\box59
)
(C:\Users\Maciej Kaszkowiak\AppData\Local\Programs\MiKTeX\tex/generic/pgf/modul
es\pgfmoduleplot.code.tex
File: pgfmoduleplot.code.tex 2021/05/15 v3.1.9a (3.1.9a)
)
(C:\Users\Maciej Kaszkowiak\AppData\Local\Programs\MiKTeX\tex/latex/pgf/compati
bility\pgfcomp-version-0-65.sty
Package: pgfcomp-version-0-65 2021/05/15 v3.1.9a (3.1.9a)
\pgf@nodesepstart=\dimen185
\pgf@nodesepend=\dimen186
)
(C:\Users\Maciej Kaszkowiak\AppData\Local\Programs\MiKTeX\tex/latex/pgf/compati
bility\pgfcomp-version-1-18.sty
Package: pgfcomp-version-1-18 2021/05/15 v3.1.9a (3.1.9a)
))
(C:\Users\Maciej Kaszkowiak\AppData\Local\Programs\MiKTeX\tex/latex/pgf/utiliti
es\pgffor.sty
(C:\Users\Maciej Kaszkowiak\AppData\Local\Programs\MiKTeX\tex/latex/pgf/utiliti
es\pgfkeys.sty
(C:\Users\Maciej Kaszkowiak\AppData\Local\Programs\MiKTeX\tex/generic/pgf/utili
ties\pgfkeys.code.tex))
(C:\Users\Maciej Kaszkowiak\AppData\Local\Programs\MiKTeX\tex/latex/pgf/math\pg
fmath.sty
(C:\Users\Maciej Kaszkowiak\AppData\Local\Programs\MiKTeX\tex/generic/pgf/math\
pgfmath.code.tex))
(C:\Users\Maciej Kaszkowiak\AppData\Local\Programs\MiKTeX\tex/generic/pgf/utili
ties\pgffor.code.tex
Package: pgffor 2021/05/15 v3.1.9a (3.1.9a)

(C:\Users\Maciej Kaszkowiak\AppData\Local\Programs\MiKTeX\tex/generic/pgf/math\
pgfmath.code.tex)
\pgffor@iter=\dimen187
\pgffor@skip=\dimen188
\pgffor@stack=\toks32
\pgffor@toks=\toks33
))
(C:\Users\Maciej Kaszkowiak\AppData\Local\Programs\MiKTeX\tex/generic/pgf/front
endlayer/tikz\tikz.code.tex
Package: tikz 2021/05/15 v3.1.9a (3.1.9a)

(C:\Users\Maciej Kaszkowiak\AppData\Local\Programs\MiKTeX\tex/generic/pgf/libra
ries\pgflibraryplothandlers.code.tex
File: pgflibraryplothandlers.code.tex 2021/05/15 v3.1.9a (3.1.9a)
\pgf@plot@mark@count=\count273
\pgfplotmarksize=\dimen189
)
\tikz@lastx=\dimen190
\tikz@lasty=\dimen191
\tikz@lastxsaved=\dimen192
\tikz@lastysaved=\dimen193
\tikz@lastmovetox=\dimen194
\tikz@lastmovetoy=\dimen195
\tikzleveldistance=\dimen196
\tikzsiblingdistance=\dimen197
\tikz@figbox=\box60
\tikz@figbox@bg=\box61
\tikz@tempbox=\box62
\tikz@tempbox@bg=\box63
\tikztreelevel=\count274
\tikznumberofchildren=\count275
\tikznumberofcurrentchild=\count276
\tikz@fig@count=\count277

(C:\Users\Maciej Kaszkowiak\AppData\Local\Programs\MiKTeX\tex/generic/pgf/modul
es\pgfmodulematrix.code.tex
File: pgfmodulematrix.code.tex 2021/05/15 v3.1.9a (3.1.9a)
\pgfmatrixcurrentrow=\count278
\pgfmatrixcurrentcolumn=\count279
\pgf@matrix@numberofcolumns=\count280
)
\tikz@expandcount=\count281

(C:\Users\Maciej Kaszkowiak\AppData\Local\Programs\MiKTeX\tex/generic/pgf/front
endlayer/tikz/libraries\tikzlibrarytopaths.code.tex
File: tikzlibrarytopaths.code.tex 2021/05/15 v3.1.9a (3.1.9a)
)))
(C:\Users\Maciej Kaszkowiak\AppData\Local\Programs\MiKTeX\tex/generic/pgfplots\
pgfplots.code.tex
(C:\Users\Maciej Kaszkowiak\AppData\Local\Programs\MiKTeX\tex/generic/pgfplots\
pgfplotscore.code.tex
\t@pgfplots@toka=\toks34
\t@pgfplots@tokb=\toks35
\t@pgfplots@tokc=\toks36
\pgfplots@tmpa=\dimen198
\c@pgfplots@coordindex=\count282
\c@pgfplots@scanlineindex=\count283

(C:\Users\Maciej Kaszkowiak\AppData\Local\Programs\MiKTeX\tex/generic/pgfplots/
sys\pgfplotssysgeneric.code.tex))
(C:\Users\Maciej Kaszkowiak\AppData\Local\Programs\MiKTeX\tex/generic/pgfplots/
libs\pgfplotslibrary.code.tex)
(C:\Users\Maciej Kaszkowiak\AppData\Local\Programs\MiKTeX\tex/generic/pgfplots/
oldpgfcompatib\pgfplotsoldpgfsupp_loader.code.tex
(C:\Users\Maciej Kaszkowiak\AppData\Local\Programs\MiKTeX\tex/generic/pgf/libra
ries\pgflibraryfpu.code.tex))
(C:\Users\Maciej Kaszkowiak\AppData\Local\Programs\MiKTeX\tex/generic/pgfplots/
util\pgfplotsutil.code.tex
(C:\Users\Maciej Kaszkowiak\AppData\Local\Programs\MiKTeX\tex/generic/pgfplots/
liststructure\pgfplotsliststructure.code.tex)
(C:\Users\Maciej Kaszkowiak\AppData\Local\Programs\MiKTeX\tex/generic/pgfplots/
liststructure\pgfplotsliststructureext.code.tex)
(C:\Users\Maciej Kaszkowiak\AppData\Local\Programs\MiKTeX\tex/generic/pgfplots/
liststructure\pgfplotsarray.code.tex
\c@pgfplotsarray@tmp=\count284
)
(C:\Users\Maciej Kaszkowiak\AppData\Local\Programs\MiKTeX\tex/generic/pgfplots/
liststructure\pgfplotsmatrix.code.tex)
(C:\Users\Maciej Kaszkowiak\AppData\Local\Programs\MiKTeX\tex/generic/pgfplots/
numtable\pgfplotstableshared.code.tex
\c@pgfplotstable@counta=\count285
\t@pgfplotstable@a=\toks37
)
(C:\Users\Maciej Kaszkowiak\AppData\Local\Programs\MiKTeX\tex/generic/pgfplots/
liststructure\pgfplotsdeque.code.tex)
(C:\Users\Maciej Kaszkowiak\AppData\Local\Programs\MiKTeX\tex/generic/pgfplots/
util\pgfplotsbinary.code.tex
(C:\Users\Maciej Kaszkowiak\AppData\Local\Programs\MiKTeX\tex/generic/pgfplots/
util\pgfplotsbinary.data.code.tex))
(C:\Users\Maciej Kaszkowiak\AppData\Local\Programs\MiKTeX\tex/generic/pgfplots/
util\pgfplotsutil.verb.code.tex)
(C:\Users\Maciej Kaszkowiak\AppData\Local\Programs\MiKTeX\tex/generic/pgfplots/
libs\pgflibrarypgfplots.surfshading.code.tex
\c@pgfplotslibrarysurf@no=\count286

(C:\Users\Maciej Kaszkowiak\AppData\Local\Programs\MiKTeX\tex/generic/pgfplots/
sys\pgflibrarypgfplots.surfshading.pgfsys-pdftex.def)))
(C:\Users\Maciej Kaszkowiak\AppData\Local\Programs\MiKTeX\tex/generic/pgfplots/
util\pgfplotscolormap.code.tex
(C:\Users\Maciej Kaszkowiak\AppData\Local\Programs\MiKTeX\tex/generic/pgfplots/
util\pgfplotscolor.code.tex))
(C:\Users\Maciej Kaszkowiak\AppData\Local\Programs\MiKTeX\tex/generic/pgfplots\
pgfplotsstackedplots.code.tex)
(C:\Users\Maciej Kaszkowiak\AppData\Local\Programs\MiKTeX\tex/generic/pgfplots\
pgfplotsplothandlers.code.tex
(C:\Users\Maciej Kaszkowiak\AppData\Local\Programs\MiKTeX\tex/generic/pgfplots\
pgfplotsmeshplothandler.code.tex
(C:\Users\Maciej Kaszkowiak\AppData\Local\Programs\MiKTeX\tex/generic/pgfplots\
pgfplotsmeshplotimage.code.tex)))
(C:\Users\Maciej Kaszkowiak\AppData\Local\Programs\MiKTeX\tex/generic/pgfplots\
pgfplots.scaling.code.tex)
(C:\Users\Maciej Kaszkowiak\AppData\Local\Programs\MiKTeX\tex/generic/pgfplots\
pgfplotscoordprocessing.code.tex)
(C:\Users\Maciej Kaszkowiak\AppData\Local\Programs\MiKTeX\tex/generic/pgfplots\
pgfplots.errorbars.code.tex)
(C:\Users\Maciej Kaszkowiak\AppData\Local\Programs\MiKTeX\tex/generic/pgfplots\
pgfplots.markers.code.tex)
(C:\Users\Maciej Kaszkowiak\AppData\Local\Programs\MiKTeX\tex/generic/pgfplots\
pgfplotsticks.code.tex)
(C:\Users\Maciej Kaszkowiak\AppData\Local\Programs\MiKTeX\tex/generic/pgfplots\
pgfplots.paths.code.tex)
(C:\Users\Maciej Kaszkowiak\AppData\Local\Programs\MiKTeX\tex/generic/pgf/front
endlayer/tikz/libraries\tikzlibrarydecorations.code.tex
(C:\Users\Maciej Kaszkowiak\AppData\Local\Programs\MiKTeX\tex/generic/pgf/modul
es\pgfmoduledecorations.code.tex
\pgfdecoratedcompleteddistance=\dimen199
\pgfdecoratedremainingdistance=\dimen256
\pgfdecoratedinputsegmentcompleteddistance=\dimen257
\pgfdecoratedinputsegmentremainingdistance=\dimen258
\pgf@decorate@distancetomove=\dimen259
\pgf@decorate@repeatstate=\count287
\pgfdecorationsegmentamplitude=\dimen260
\pgfdecorationsegmentlength=\dimen261
)
\tikz@lib@dec@box=\box64
)
(C:\Users\Maciej Kaszkowiak\AppData\Local\Programs\MiKTeX\tex/generic/pgf/front
endlayer/tikz/libraries\tikzlibrarydecorations.pathmorphing.code.tex
(C:\Users\Maciej Kaszkowiak\AppData\Local\Programs\MiKTeX\tex/generic/pgf/libra
ries/decorations\pgflibrarydecorations.pathmorphing.code.tex))
(C:\Users\Maciej Kaszkowiak\AppData\Local\Programs\MiKTeX\tex/generic/pgf/front
endlayer/tikz/libraries\tikzlibrarydecorations.pathreplacing.code.tex
(C:\Users\Maciej Kaszkowiak\AppData\Local\Programs\MiKTeX\tex/generic/pgf/libra
ries/decorations\pgflibrarydecorations.pathreplacing.code.tex))
(C:\Users\Maciej Kaszkowiak\AppData\Local\Programs\MiKTeX\tex/generic/pgfplots/
libs\tikzlibrarypgfplots.contourlua.code.tex)
\pgfplots@numplots=\count288
\pgfplots@xmin@reg=\dimen262
\pgfplots@xmax@reg=\dimen263
\pgfplots@ymin@reg=\dimen264
\pgfplots@ymax@reg=\dimen265
\pgfplots@zmin@reg=\dimen266
\pgfplots@zmax@reg=\dimen267
)
(C:\Users\Maciej Kaszkowiak\AppData\Local\Programs\MiKTeX\tex/generic/pgf/front
endlayer/tikz/libraries\tikzlibraryplotmarks.code.tex
File: tikzlibraryplotmarks.code.tex 2021/05/15 v3.1.9a (3.1.9a)

(C:\Users\Maciej Kaszkowiak\AppData\Local\Programs\MiKTeX\tex/generic/pgf/libra
ries\pgflibraryplotmarks.code.tex
File: pgflibraryplotmarks.code.tex 2021/05/15 v3.1.9a (3.1.9a)
)))
(C:\Users\Maciej Kaszkowiak\AppData\Local\Programs\MiKTeX\tex/latex/circuitikz\
circuitikz.sty
Package: circuitikz 2022/02/04{} The CircuiTikz circuit drawing package version
 1.4.6

(C:\Users\Maciej Kaszkowiak\AppData\Local\Programs\MiKTeX\tex/generic/pgf/front
endlayer/tikz/libraries\tikzlibrarycalc.code.tex
File: tikzlibrarycalc.code.tex 2021/05/15 v3.1.9a (3.1.9a)
)
(C:\Users\Maciej Kaszkowiak\AppData\Local\Programs\MiKTeX\tex/generic/pgf/libra
ries\pgflibraryarrows.meta.code.tex
File: pgflibraryarrows.meta.code.tex 2021/05/15 v3.1.9a (3.1.9a)
\pgfarrowinset=\dimen268
\pgfarrowlength=\dimen269
\pgfarrowwidth=\dimen270
\pgfarrowlinewidth=\dimen271
)
(C:\Users\Maciej Kaszkowiak\AppData\Local\Programs\MiKTeX\tex/generic/pgf/front
endlayer/tikz/libraries\tikzlibrarybending.code.tex
File: tikzlibrarybending.code.tex 2021/05/15 v3.1.9a (3.1.9a)

(C:\Users\Maciej Kaszkowiak\AppData\Local\Programs\MiKTeX\tex/generic/pgf/modul
es\pgfmodulebending.code.tex
File: pgfmodulebending.code.tex 2021/05/15 v3.1.9a (3.1.9a)

(C:\Users\Maciej Kaszkowiak\AppData\Local\Programs\MiKTeX\tex/generic/pgf/modul
es\pgfmodulenonlineartransformations.code.tex
File: pgfmodulenonlineartransformations.code.tex 2021/05/15 v3.1.9a (3.1.9a)
\pgftransformnonlinearflatness=\dimen272
)
(C:\Users\Maciej Kaszkowiak\AppData\Local\Programs\MiKTeX\tex/generic/pgf/libra
ries\pgflibrarycurvilinear.code.tex
File: pgflibrarycurvilinear.code.tex 2021/05/15 v3.1.9a (3.1.9a)
\pgf@curvilinear@time@a=\dimen273
\pgf@curvilinear@length@a=\dimen274
\pgf@curvilinear@length@b=\dimen275
\pgf@curvilinear@length@c=\dimen276
\pgf@curvilinear@length@d=\dimen277
)
\pgf@arrows@the@rigidity=\dimen278
))
(C:\Users\Maciej Kaszkowiak\AppData\Local\Programs\MiKTeX\tex/generic/pgf/front
endlayer/tikz/libraries\tikzlibraryfpu.code.tex)
(C:\Users\Maciej Kaszkowiak\AppData\Local\Programs\MiKTeX\tex/generic/circuitik
z\pgfcirc.defines.tex
\pgf@circ@count@a=\count289
\pgf@circ@count@b=\count290
\pgf@circ@count@c=\count291
\pgf@circ@res@up=\dimen279
\pgf@circ@res@down=\dimen280
\pgf@circ@res@zero=\dimen281
\pgf@circ@res@left=\dimen282
\pgf@circ@res@right=\dimen283
\pgf@circ@res@other=\dimen284
\pgf@circ@res@step=\dimen285
\pgf@circ@res@temp=\dimen286
\pgf@circ@Rlen=\dimen287
\pgf@circ@scaled@Rlen=\dimen288
\pgfstartlinewidth=\dimen289
)
(C:\Users\Maciej Kaszkowiak\AppData\Local\Programs\MiKTeX\tex/generic/circuitik
z\pgfcircutils.tex
\ctikz@scratchbox=\box65
)
(C:\Users\Maciej Kaszkowiak\AppData\Local\Programs\MiKTeX\tex/generic/circuitik
z\pgfcircpath.tex)
(C:\Users\Maciej Kaszkowiak\AppData\Local\Programs\MiKTeX\tex/generic/circuitik
z\pgfcircshapes.tex)
(C:\Users\Maciej Kaszkowiak\AppData\Local\Programs\MiKTeX\tex/generic/circuitik
z\pgfcircmonopoles.tex)
(C:\Users\Maciej Kaszkowiak\AppData\Local\Programs\MiKTeX\tex/generic/circuitik
z\pgfcircbipoles.tex)
(C:\Users\Maciej Kaszkowiak\AppData\Local\Programs\MiKTeX\tex/generic/circuitik
z\pgfcirctripoles.tex
\pgf@circ@res@count=\count292
)
(C:\Users\Maciej Kaszkowiak\AppData\Local\Programs\MiKTeX\tex/generic/circuitik
z\pgfcircquadpoles.tex)
(C:\Users\Maciej Kaszkowiak\AppData\Local\Programs\MiKTeX\tex/generic/circuitik
z\pgfcircmultipoles.tex)
(C:\Users\Maciej Kaszkowiak\AppData\Local\Programs\MiKTeX\tex/generic/circuitik
z\pgfcirclabel.tex)
(C:\Users\Maciej Kaszkowiak\AppData\Local\Programs\MiKTeX\tex/generic/circuitik
z\pgfcircvoltage.tex
\pgfcirc@labelshift=\dimen290
)
(C:\Users\Maciej Kaszkowiak\AppData\Local\Programs\MiKTeX\tex/generic/circuitik
z\pgfcirccurrent.tex)
(C:\Users\Maciej Kaszkowiak\AppData\Local\Programs\MiKTeX\tex/generic/circuitik
z\pgfcircflow.tex))
(C:\Users\Maciej Kaszkowiak\AppData\Local\Programs\MiKTeX\tex/latex/caption\sub
caption.sty
Package: subcaption 2022/01/07 v1.5 Sub-captions (AR)

(C:\Users\Maciej Kaszkowiak\AppData\Local\Programs\MiKTeX\tex/latex/caption\cap
tion.sty
Package: caption 2022/03/01 v3.6b Customizing captions (AR)

(C:\Users\Maciej Kaszkowiak\AppData\Local\Programs\MiKTeX\tex/latex/caption\cap
tion3.sty
Package: caption3 2022/03/17 v2.3b caption3 kernel (AR)
\caption@tempdima=\dimen291
\captionmargin=\dimen292
\caption@leftmargin=\dimen293
\caption@rightmargin=\dimen294
\caption@width=\dimen295
\caption@indent=\dimen296
\caption@parindent=\dimen297
\caption@hangindent=\dimen298
Package caption Info: Standard document class detected.
)
\c@caption@flags=\count293
\c@continuedfloat=\count294
Package caption Info: float package is loaded.
Package caption Info: wrapfig package is loaded.
)
\c@subfigure=\count295
\c@subtable=\count296
)
(C:\Users\Maciej Kaszkowiak\AppData\Local\Programs\MiKTeX\tex/generic/pgf/front
endlayer/tikz/libraries/circuits\tikzlibrarycircuits.ee.IEC.code.tex
(C:\Users\Maciej Kaszkowiak\AppData\Local\Programs\MiKTeX\tex/generic/pgf/front
endlayer/tikz/libraries\tikzlibraryarrows.code.tex
File: tikzlibraryarrows.code.tex 2021/05/15 v3.1.9a (3.1.9a)

(C:\Users\Maciej Kaszkowiak\AppData\Local\Programs\MiKTeX\tex/generic/pgf/libra
ries\pgflibraryarrows.code.tex
File: pgflibraryarrows.code.tex 2021/05/15 v3.1.9a (3.1.9a)
\arrowsize=\dimen299
))
(C:\Users\Maciej Kaszkowiak\AppData\Local\Programs\MiKTeX\tex/generic/pgf/front
endlayer/tikz/libraries/circuits\tikzlibrarycircuits.ee.code.tex
(C:\Users\Maciej Kaszkowiak\AppData\Local\Programs\MiKTeX\tex/generic/pgf/front
endlayer/tikz/libraries/circuits\tikzlibrarycircuits.code.tex
(C:\Users\Maciej Kaszkowiak\AppData\Local\Programs\MiKTeX\tex/generic/pgf/front
endlayer/tikz/libraries\tikzlibrarydecorations.markings.code.tex
(C:\Users\Maciej Kaszkowiak\AppData\Local\Programs\MiKTeX\tex/generic/pgf/libra
ries/decorations\pgflibrarydecorations.markings.code.tex))
\tikz@lib@circ@count=\count297
\tikzcircuitssizeunit=\dimen300
)
(C:\Users\Maciej Kaszkowiak\AppData\Local\Programs\MiKTeX\tex/generic/pgf/libra
ries/shapes/circuits\pgflibraryshapes.gates.ee.code.tex))
(C:\Users\Maciej Kaszkowiak\AppData\Local\Programs\MiKTeX\tex/generic/pgf/libra
ries/shapes/circuits\pgflibraryshapes.gates.ee.IEC.code.tex))
(C:\Users\Maciej Kaszkowiak\AppData\Local\Programs\MiKTeX\tex/latex/anysize\any
size.sty
Package: anysize 1994/08/13 setting margin sizes

document style option `anysize' loaded
Michael Salzenberg, Thomas Esser, Dirk Hillbrecht
Version 1.0, Aug 13, 1994
\@Leftmargin=\dimen301
\@Rightmargin=\dimen302
\@Topmargin=\dimen303
\@Bottommargin=\dimen304
)
(C:\Users\Maciej Kaszkowiak\AppData\Local\Programs\MiKTeX\tex/latex/l3backend\l
3backend-pdftex.def
File: l3backend-pdftex.def 2021-12-14 L3 backend support: PDF output (pdfTeX)
\l__color_backend_stack_int=\count298
\l__pdf_internal_box=\box66
) (sprawozdanie.aux)
\openout1 = `sprawozdanie.aux'.

LaTeX Font Info:    Checking defaults for OML/cmm/m/it on input line 59.
LaTeX Font Info:    ... okay on input line 59.
LaTeX Font Info:    Checking defaults for OMS/pzccm/m/n on input line 59.
LaTeX Font Info:    Trying to load font information for OMS+pzccm on input line
 59.

(C:\Users\Maciej Kaszkowiak\AppData\Local\Programs\MiKTeX\tex/latex/psnfss\omsp
zccm.fd
File: omspzccm.fd 2000/01/03 Fontinst v1.801 font definitions for OMS/pzccm.
)
LaTeX Font Info:    ... okay on input line 59.
LaTeX Font Info:    Checking defaults for OT1/cmr/m/n on input line 59.
LaTeX Font Info:    ... okay on input line 59.
LaTeX Font Info:    Checking defaults for T1/cmr/m/n on input line 59.
LaTeX Font Info:    ... okay on input line 59.
LaTeX Font Info:    Checking defaults for TS1/cmr/m/n on input line 59.
LaTeX Font Info:    ... okay on input line 59.
LaTeX Font Info:    Checking defaults for OMX/cmex/m/n on input line 59.
LaTeX Font Info:    ... okay on input line 59.
LaTeX Font Info:    Checking defaults for U/cmr/m/n on input line 59.
LaTeX Font Info:    ... okay on input line 59.

(C:\Users\Maciej Kaszkowiak\AppData\Local\Programs\MiKTeX\tex/context/base/mkii
\supp-pdf.mkii
[Loading MPS to PDF converter (version 2006.09.02).]
\scratchcounter=\count299
\scratchdimen=\dimen305
\scratchbox=\box67
\nofMPsegments=\count300
\nofMParguments=\count301
\everyMPshowfont=\toks38
\MPscratchCnt=\count302
\MPscratchDim=\dimen306
\MPnumerator=\count303
\makeMPintoPDFobject=\count304
\everyMPtoPDFconversion=\toks39
)
(C:\Users\Maciej Kaszkowiak\AppData\Local\Programs\MiKTeX\tex/latex/epstopdf-pk
g\epstopdf-base.sty
Package: epstopdf-base 2020-01-24 v2.11 Base part for package epstopdf
Package epstopdf-base Info: Redefining graphics rule for `.eps' on input line 4
85.

(C:\Users\Maciej Kaszkowiak\AppData\Local\Programs\MiKTeX\tex/latex/00miktex\ep
stopdf-sys.cfg
File: epstopdf-sys.cfg 2021/03/18 v2.0 Configuration of epstopdf for MiKTeX
))

Package pgfplots Warning: running in backwards compatibility mode (unsuitable t
ick labels; missing features). Consider writing \pgfplotsset{compat=1.18} into 
your preamble.
 on input line 59.

Package caption Info: Begin \AtBeginDocument code.
Package caption Info: End \AtBeginDocument code.
LaTeX Font Info:    Trying to load font information for OT1+ptmcm on input line
 61.

(C:\Users\Maciej Kaszkowiak\AppData\Local\Programs\MiKTeX\tex/latex/psnfss\ot1p
tmcm.fd
File: ot1ptmcm.fd 2000/01/03 Fontinst v1.801 font definitions for OT1/ptmcm.
)
LaTeX Font Info:    Trying to load font information for OML+ptmcm on input line
 61.

(C:\Users\Maciej Kaszkowiak\AppData\Local\Programs\MiKTeX\tex/latex/psnfss\omlp
tmcm.fd
File: omlptmcm.fd 2000/01/03 Fontinst v1.801 font definitions for OML/ptmcm.
)
LaTeX Font Info:    Trying to load font information for OMX+psycm on input line
 61.

(C:\Users\Maciej Kaszkowiak\AppData\Local\Programs\MiKTeX\tex/latex/psnfss\omxp
sycm.fd
File: omxpsycm.fd 2000/01/03 Fontinst v1.801 font definitions for OMX/psycm.
)
LaTeX Font Info:    Font shape `OT1/ptm/bx/n' in size <10> not available
(Font)              Font shape `OT1/ptm/b/n' tried instead on input line 61.
LaTeX Font Info:    Font shape `OT1/ptm/bx/n' in size <7.4> not available
(Font)              Font shape `OT1/ptm/b/n' tried instead on input line 61.
LaTeX Font Info:    Font shape `OT1/ptm/bx/n' in size <6> not available
(Font)              Font shape `OT1/ptm/b/n' tried instead on input line 61.
LaTeX Font Info:    Font shape `T1/phv/m/n' will be
(Font)              scaled to size 8.99994pt on input line 61.
LaTeX Font Info:    Font shape `T1/phv/b/n' will be
(Font)              scaled to size 8.99994pt on input line 61.
LaTeX Font Info:    Font shape `T1/phv/b/n' will be
(Font)              scaled to size 6.29996pt on input line 61.
Package epstopdf Info: Source file: <pierwszy.eps>
(epstopdf)                    date: 2022-04-05 13:44:31
(epstopdf)                    size: 32667 bytes
(epstopdf)             Output file: <pierwszy-eps-converted-to.pdf>
(epstopdf)                    date: 2022-04-05 13:44:43
(epstopdf)                    size: 12148 bytes
(epstopdf)             Command: <miktex-epstopdf --outfile=pierwszy-eps-convert
ed-to.pdf pierwszy.eps>
(epstopdf)             \includegraphics on input line 87.
Package epstopdf Info: Output file is already uptodate.


pdfTeX warning: pdflatex (file ./pierwszy-eps-converted-to.pdf): PDF inclusion:
 found PDF version <1.7>, but at most version <1.5> allowed
<pierwszy-eps-converted-to.pdf, id=4, 565.11125pt x 244.915pt>
File: pierwszy-eps-converted-to.pdf Graphic file (type pdf)
<use pierwszy-eps-converted-to.pdf>
Package pdftex.def Info: pierwszy-eps-converted-to.pdf  used on input line 87.
(pdftex.def)             Requested size: 227.62206pt x 98.64813pt.
[1

{C:/Users/Maciej Kaszkowiak/AppData/Local/MiKTeX/fonts/map/pdftex/pdftex.map}]
Underfull \hbox (badness 10000) in paragraph at lines 116--126

 []

[2 <./pierwszy-eps-converted-to.pdf>]
Package epstopdf Info: Source file: <01uklad.eps>
(epstopdf)                    date: 2022-04-05 13:29:23
(epstopdf)                    size: 41571 bytes
(epstopdf)             Output file: <01uklad-eps-converted-to.pdf>
(epstopdf)                    date: 2022-04-05 13:37:47
(epstopdf)                    size: 15773 bytes
(epstopdf)             Command: <miktex-epstopdf --outfile=01uklad-eps-converte
d-to.pdf 01uklad.eps>
(epstopdf)             \includegraphics on input line 159.
Package epstopdf Info: Output file is already uptodate.


pdfTeX warning: pdflatex (file ./01uklad-eps-converted-to.pdf): PDF inclusion: 
found PDF version <1.7>, but at most version <1.5> allowed
<01uklad-eps-converted-to.pdf, id=26, 214.8025pt x 77.28876pt>
File: 01uklad-eps-converted-to.pdf Graphic file (type pdf)
<use 01uklad-eps-converted-to.pdf>
Package pdftex.def Info: 01uklad-eps-converted-to.pdf  used on input line 159.
(pdftex.def)             Requested size: 227.62206pt x 81.90327pt.
Package epstopdf Info: Source file: <01.eps>
(epstopdf)                    date: 2022-04-05 13:28:38
(epstopdf)                    size: 58637 bytes
(epstopdf)             Output file: <01-eps-converted-to.pdf>
(epstopdf)                    date: 2022-04-05 13:37:46
(epstopdf)                    size: 20372 bytes
(epstopdf)             Command: <miktex-epstopdf --outfile=01-eps-converted-to.
pdf 01.eps>
(epstopdf)             \includegraphics on input line 168.
Package epstopdf Info: Output file is already uptodate.


pdfTeX warning: pdflatex (file ./01-eps-converted-to.pdf): PDF inclusion: found
 PDF version <1.7>, but at most version <1.5> allowed
<01-eps-converted-to.pdf, id=27, 966.61125pt x 235.88126pt>
File: 01-eps-converted-to.pdf Graphic file (type pdf)
<use 01-eps-converted-to.pdf>
Package pdftex.def Info: 01-eps-converted-to.pdf  used on input line 168.
(pdftex.def)             Requested size: 227.62206pt x 55.54367pt.
[3 <./01uklad-eps-converted-to.pdf> <./01-eps-converted-to.pdf>]
Package epstopdf Info: Source file: <02uklad.eps>
(epstopdf)                    date: 2022-04-05 13:29:54
(epstopdf)                    size: 37612 bytes
(epstopdf)             Output file: <02uklad-eps-converted-to.pdf>
(epstopdf)                    date: 2022-04-05 13:37:49
(epstopdf)                    size: 15190 bytes
(epstopdf)             Command: <miktex-epstopdf --outfile=02uklad-eps-converte
d-to.pdf 02uklad.eps>
(epstopdf)             \includegraphics on input line 197.
Package epstopdf Info: Output file is already uptodate.


pdfTeX warning: pdflatex (file ./02uklad-eps-converted-to.pdf): PDF inclusion: 
found PDF version <1.7>, but at most version <1.5> allowed
<02uklad-eps-converted-to.pdf, id=43, 216.81pt x 77.28876pt>
File: 02uklad-eps-converted-to.pdf Graphic file (type pdf)
<use 02uklad-eps-converted-to.pdf>
Package pdftex.def Info: 02uklad-eps-converted-to.pdf  used on input line 197.
(pdftex.def)             Requested size: 182.09486pt x 64.9162pt.
Package epstopdf Info: Source file: <Draft2.eps>
(epstopdf)                    date: 2022-04-05 13:32:02
(epstopdf)                    size: 37016 bytes
(epstopdf)             Output file: <Draft2-eps-converted-to.pdf>
(epstopdf)                    date: 2022-04-05 13:37:52
(epstopdf)                    size: 14714 bytes
(epstopdf)             Command: <miktex-epstopdf --outfile=Draft2-eps-converted
-to.pdf Draft2.eps>
(epstopdf)             \includegraphics on input line 203.
Package epstopdf Info: Output file is already uptodate.


pdfTeX warning: pdflatex (file ./Draft2-eps-converted-to.pdf): PDF inclusion: f
ound PDF version <1.7>, but at most version <1.5> allowed
<Draft2-eps-converted-to.pdf, id=44, 967.615pt x 234.8775pt>
File: Draft2-eps-converted-to.pdf Graphic file (type pdf)
<use Draft2-eps-converted-to.pdf>
Package pdftex.def Info: Draft2-eps-converted-to.pdf  used on input line 203.
(pdftex.def)             Requested size: 182.09486pt x 44.2007pt.
Package epstopdf Info: Source file: <piloksztaltnyuklad.eps>
(epstopdf)                    date: 2022-04-05 13:31:47
(epstopdf)                    size: 36987 bytes
(epstopdf)             Output file: <piloksztaltnyuklad-eps-converted-to.pdf>
(epstopdf)                    date: 2022-04-05 13:37:59
(epstopdf)                    size: 14962 bytes
(epstopdf)             Command: <miktex-epstopdf --outfile=piloksztaltnyuklad-e
ps-converted-to.pdf piloksztaltnyuklad.eps>
(epstopdf)             \includegraphics on input line 215.
Package epstopdf Info: Output file is already uptodate.


pdfTeX warning: pdflatex (file ./piloksztaltnyuklad-eps-converted-to.pdf): PDF 
inclusion: found PDF version <1.7>, but at most version <1.5> allowed
<piloksztaltnyuklad-eps-converted-to.pdf, id=45, 185.69376pt x 77.28876pt>
File: piloksztaltnyuklad-eps-converted-to.pdf Graphic file (type pdf)
<use piloksztaltnyuklad-eps-converted-to.pdf>
Package pdftex.def Info: piloksztaltnyuklad-eps-converted-to.pdf  used on input
 line 215.
(pdftex.def)             Requested size: 182.09486pt x 75.79317pt.
Package epstopdf Info: Source file: <piloksztaltny.eps>
(epstopdf)                    date: 2022-04-05 13:32:04
(epstopdf)                    size: 37007 bytes
(epstopdf)             Output file: <piloksztaltny-eps-converted-to.pdf>
(epstopdf)                    date: 2022-04-05 13:37:58
(epstopdf)                    size: 14728 bytes
(epstopdf)             Command: <miktex-epstopdf --outfile=piloksztaltny-eps-co
nverted-to.pdf piloksztaltny.eps>
(epstopdf)             \includegraphics on input line 221.
Package epstopdf Info: Output file is already uptodate.


pdfTeX warning: pdflatex (file ./piloksztaltny-eps-converted-to.pdf): PDF inclu
sion: found PDF version <1.7>, but at most version <1.5> allowed
<piloksztaltny-eps-converted-to.pdf, id=46, 967.615pt x 234.8775pt>
File: piloksztaltny-eps-converted-to.pdf Graphic file (type pdf)
<use piloksztaltny-eps-converted-to.pdf>
Package pdftex.def Info: piloksztaltny-eps-converted-to.pdf  used on input line
 221.
(pdftex.def)             Requested size: 182.09486pt x 44.2007pt.
Package epstopdf Info: Source file: <draft3uklad.eps>
(epstopdf)                    date: 2022-04-05 13:30:33
(epstopdf)                    size: 37600 bytes
(epstopdf)             Output file: <draft3uklad-eps-converted-to.pdf>
(epstopdf)                    date: 2022-04-05 13:40:00
(epstopdf)                    size: 15184 bytes
(epstopdf)             Command: <miktex-epstopdf --outfile=draft3uklad-eps-conv
erted-to.pdf draft3uklad.eps>
(epstopdf)             \includegraphics on input line 232.
Package epstopdf Info: Output file is already uptodate.


pdfTeX warning: pdflatex (file ./draft3uklad-eps-converted-to.pdf): PDF inclusi
on: found PDF version <1.7>, but at most version <1.5> allowed
<draft3uklad-eps-converted-to.pdf, id=47, 141.52875pt x 77.28876pt>
File: draft3uklad-eps-converted-to.pdf Graphic file (type pdf)
<use draft3uklad-eps-converted-to.pdf>
Package pdftex.def Info: draft3uklad-eps-converted-to.pdf  used on input line 2
32.
(pdftex.def)             Requested size: 127.46779pt x 69.61229pt.
Package epstopdf Info: Source file: <draft3.eps>
(epstopdf)                    date: 2022-04-05 13:32:02
(epstopdf)                    size: 37024 bytes
(epstopdf)             Output file: <draft3-eps-converted-to.pdf>
(epstopdf)                    date: 2022-04-05 13:39:58
(epstopdf)                    size: 14744 bytes
(epstopdf)             Command: <miktex-epstopdf --outfile=draft3-eps-converted
-to.pdf draft3.eps>
(epstopdf)             \includegraphics on input line 238.
Package epstopdf Info: Output file is already uptodate.


pdfTeX warning: pdflatex (file ./draft3-eps-converted-to.pdf): PDF inclusion: f
ound PDF version <1.7>, but at most version <1.5> allowed
<draft3-eps-converted-to.pdf, id=48, 967.615pt x 234.8775pt>
File: draft3-eps-converted-to.pdf Graphic file (type pdf)
<use draft3-eps-converted-to.pdf>
Package pdftex.def Info: draft3-eps-converted-to.pdf  used on input line 238.
(pdftex.def)             Requested size: 182.09486pt x 44.2007pt.
[4 <./02uklad-eps-converted-to.pdf> <./Draft2-eps-converted-to.pdf> <./pilokszt
altnyuklad-eps-converted-to.pdf> <./piloksztaltny-eps-converted-to.pdf>]
Package epstopdf Info: Source file: <Drafttrojkatnyuklad.eps>
(epstopdf)                    date: 2022-04-05 13:41:53
(epstopdf)                    size: 37600 bytes
(epstopdf)             Output file: <Drafttrojkatnyuklad-eps-converted-to.pdf>
(epstopdf)                    date: 2022-04-05 13:44:41
(epstopdf)                    size: 15184 bytes
(epstopdf)             Command: <miktex-epstopdf --outfile=Drafttrojkatnyuklad-
eps-converted-to.pdf Drafttrojkatnyuklad.eps>
(epstopdf)             \includegraphics on input line 249.
Package epstopdf Info: Output file is already uptodate.


pdfTeX warning: pdflatex (file ./Drafttrojkatnyuklad-eps-converted-to.pdf): PDF
 inclusion: found PDF version <1.7>, but at most version <1.5> allowed
<Drafttrojkatnyuklad-eps-converted-to.pdf, id=76, 141.52875pt x 77.28876pt>
File: Drafttrojkatnyuklad-eps-converted-to.pdf Graphic file (type pdf)
<use Drafttrojkatnyuklad-eps-converted-to.pdf>
Package pdftex.def Info: Drafttrojkatnyuklad-eps-converted-to.pdf  used on inpu
t line 249.
(pdftex.def)             Requested size: 127.46779pt x 69.61229pt.
Package epstopdf Info: Source file: <Drafttrojkatny.eps>
(epstopdf)                    date: 2022-04-05 13:32:02
(epstopdf)                    size: 36978 bytes
(epstopdf)             Output file: <Drafttrojkatny-eps-converted-to.pdf>
(epstopdf)                    date: 2022-04-05 13:37:53
(epstopdf)                    size: 14737 bytes
(epstopdf)             Command: <miktex-epstopdf --outfile=Drafttrojkatny-eps-c
onverted-to.pdf Drafttrojkatny.eps>
(epstopdf)             \includegraphics on input line 255.
Package epstopdf Info: Output file is already uptodate.


pdfTeX warning: pdflatex (file ./Drafttrojkatny-eps-converted-to.pdf): PDF incl
usion: found PDF version <1.7>, but at most version <1.5> allowed
<Drafttrojkatny-eps-converted-to.pdf, id=77, 967.615pt x 234.8775pt>
File: Drafttrojkatny-eps-converted-to.pdf Graphic file (type pdf)
<use Drafttrojkatny-eps-converted-to.pdf>
Package pdftex.def Info: Drafttrojkatny-eps-converted-to.pdf  used on input lin
e 255.
(pdftex.def)             Requested size: 182.09486pt x 44.2007pt.

Overfull \hbox (7.03207pt too wide) in paragraph at lines 268--270
\T1/ptm/m/n/10 Nauczyli±my si¦ przy-j¦-tych ozna-cze« dla pod-sta-wo-wych ele-m
en-tów ukªa-dów elek-tro-nicz-nych w pro-gra-mie LTSpice.
 []

(sprawozdanie.bbl) [5 <./draft3uklad-eps-converted-to.pdf> <./draft3-eps-conver
ted-to.pdf> <./Drafttrojkatnyuklad-eps-converted-to.pdf> <./Drafttrojkatny-eps-
converted-to.pdf>] (sprawozdanie.aux) ) 
Here is how much of TeX's memory you used:
 40066 strings out of 478659
 1116762 string characters out of 2840196
 1718339 words of memory out of 3000000
 57674 multiletter control sequences out of 15000+600000
 445169 words of font info for 74 fonts, out of 8000000 for 9000
 1141 hyphenation exceptions out of 8191
 99i,8n,103p,733b,609s stack positions out of 5000i,500n,10000p,200000b,80000s
{C:/Users/Maciej Kaszkowiak/AppData/Loca
l/Programs/MiKTeX/fonts/enc/dvips/base/8r.enc}<C:/Users/Maciej Kaszkowiak/AppDa
ta/Local/Programs/MiKTeX/fonts/type1/public/amsfonts/cm/cmmi10.pfb><C:/Users/Ma
ciej Kaszkowiak/AppData/Local/Programs/MiKTeX/fonts/type1/public/amsfonts/cm/cm
r10.pfb><C:/Users/Maciej Kaszkowiak/AppData/Local/Programs/MiKTeX/fonts/type1/u
rw/courier/ucrr8a.pfb><C:/Users/Maciej Kaszkowiak/AppData/Local/Programs/MiKTeX
/fonts/type1/urw/helvetic/uhvb8a.pfb><C:/Users/Maciej Kaszkowiak/AppData/Local/
Programs/MiKTeX/fonts/type1/urw/symbol/usyr.pfb><C:/Users/Maciej Kaszkowiak/App
Data/Local/Programs/MiKTeX/fonts/type1/urw/times/utmb8a.pfb><C:/Users/Maciej Ka
szkowiak/AppData/Local/Programs/MiKTeX/fonts/type1/urw/times/utmr8a.pfb><C:/Use
rs/Maciej Kaszkowiak/AppData/Local/Programs/MiKTeX/fonts/type1/urw/times/utmri8
a.pfb>
Output written on sprawozdanie.pdf (5 pages, 254867 bytes).
PDF statistics:
 139 PDF objects out of 1000 (max. 8388607)
 0 named destinations out of 1000 (max. 500000)
 68 words of extra memory for PDF output out of 10000 (max. 10000000)

